2025-05-09T10:56:35.192+05:30  INFO 21056 --- [PropertyListing] [main] com.cts.PropertyListingApplication       : Starting PropertyListingApplication using Java 21.0.6 with PID 21056 (C:\Users\2400736\git\leaserepository\PropertyListing\target\classes started by 2400736 in C:\Users\2400736\git\leaserepository\PropertyListing)
2025-05-09T10:56:35.213+05:30  INFO 21056 --- [PropertyListing] [main] com.cts.PropertyListingApplication       : No active profile set, falling back to 1 default profile: "default"
2025-05-09T10:56:35.278+05:30  INFO 21056 --- [PropertyListing] [main] o.s.c.c.c.ConfigServerConfigDataLoader   : Fetching config from server at : http://localhost:8088
2025-05-09T10:56:35.280+05:30  INFO 21056 --- [PropertyListing] [main] o.s.c.c.c.ConfigServerConfigDataLoader   : Located environment: name=PropertyListing, profiles=[default], label=null, version=440f1a47c25d3d97a8010bcb05cb619c643494c7, state=
2025-05-09T10:56:37.070+05:30  INFO 21056 --- [PropertyListing] [main] .s.d.r.c.RepositoryConfigurationDelegate : Bootstrapping Spring Data JPA repositories in DEFAULT mode.
2025-05-09T10:56:37.320+05:30  INFO 21056 --- [PropertyListing] [main] .s.d.r.c.RepositoryConfigurationDelegate : Finished Spring Data repository scanning in 236 ms. Found 1 JPA repository interface.
2025-05-09T10:56:37.678+05:30  INFO 21056 --- [PropertyListing] [main] o.s.cloud.context.scope.GenericScope     : BeanFactory id=4d39f8be-86ca-3308-a6ae-d916406973a7
2025-05-09T10:56:38.760+05:30  INFO 21056 --- [PropertyListing] [main] o.s.b.w.embedded.tomcat.TomcatWebServer  : Tomcat initialized with port 8092 (http)
2025-05-09T10:56:38.783+05:30  INFO 21056 --- [PropertyListing] [main] o.apache.catalina.core.StandardService   : Starting service [Tomcat]
2025-05-09T10:56:38.784+05:30  INFO 21056 --- [PropertyListing] [main] o.apache.catalina.core.StandardEngine    : Starting Servlet engine: [Apache Tomcat/10.1.40]
2025-05-09T10:56:38.929+05:30  INFO 21056 --- [PropertyListing] [main] o.a.c.c.C.[Tomcat].[localhost].[/]       : Initializing Spring embedded WebApplicationContext
2025-05-09T10:56:38.930+05:30  INFO 21056 --- [PropertyListing] [main] w.s.c.ServletWebServerApplicationContext : Root WebApplicationContext: initialization completed in 3646 ms
2025-05-09T10:56:39.671+05:30  INFO 21056 --- [PropertyListing] [main] o.hibernate.jpa.internal.util.LogHelper  : HHH000204: Processing PersistenceUnitInfo [name: default]
2025-05-09T10:56:39.778+05:30  INFO 21056 --- [PropertyListing] [main] org.hibernate.Version                    : HHH000412: Hibernate ORM core version 6.6.13.Final
2025-05-09T10:56:39.866+05:30  INFO 21056 --- [PropertyListing] [main] o.h.c.internal.RegionFactoryInitiator    : HHH000026: Second-level cache disabled
2025-05-09T10:56:40.454+05:30  INFO 21056 --- [PropertyListing] [main] o.s.o.j.p.SpringPersistenceUnitInfo      : No LoadTimeWeaver setup: ignoring JPA class transformer
2025-05-09T10:56:40.517+05:30  INFO 21056 --- [PropertyListing] [main] com.zaxxer.hikari.HikariDataSource       : HikariPool-1 - Starting...
2025-05-09T10:56:41.075+05:30  INFO 21056 --- [PropertyListing] [main] com.zaxxer.hikari.pool.HikariPool        : HikariPool-1 - Added connection com.mysql.cj.jdbc.ConnectionImpl@11678469
2025-05-09T10:56:41.078+05:30  INFO 21056 --- [PropertyListing] [main] com.zaxxer.hikari.HikariDataSource       : HikariPool-1 - Start completed.
2025-05-09T10:56:41.162+05:30  WARN 21056 --- [PropertyListing] [main] org.hibernate.orm.deprecation            : HHH90000025: MySQLDialect does not need to be specified explicitly using 'hibernate.dialect' (remove the property setting and it will be selected by default)
2025-05-09T10:56:41.194+05:30  INFO 21056 --- [PropertyListing] [main] org.hibernate.orm.connections.pooling    : HHH10001005: Database info:
	Database JDBC URL [Connecting through datasource 'HikariDataSource (HikariPool-1)']
	Database driver: undefined/unknown
	Database version: 8.0.41
	Autocommit mode: undefined/unknown
	Isolation level: undefined/unknown
	Minimum pool size: undefined/unknown
	Maximum pool size: undefined/unknown
2025-05-09T10:56:42.707+05:30  INFO 21056 --- [PropertyListing] [main] o.h.e.t.j.p.i.JtaPlatformInitiator       : HHH000489: No JTA platform available (set 'hibernate.transaction.jta.platform' to enable JTA platform integration)
2025-05-09T10:56:42.846+05:30  INFO 21056 --- [PropertyListing] [main] j.LocalContainerEntityManagerFactoryBean : Initialized JPA EntityManagerFactory for persistence unit 'default'
2025-05-09T10:56:43.338+05:30  WARN 21056 --- [PropertyListing] [main] JpaBaseConfiguration$JpaWebConfiguration : spring.jpa.open-in-view is enabled by default. Therefore, database queries may be performed during view rendering. Explicitly configure spring.jpa.open-in-view to disable this warning
2025-05-09T10:56:44.987+05:30  INFO 21056 --- [PropertyListing] [main] DiscoveryClientOptionalArgsConfiguration : Eureka HTTP Client uses RestTemplate.
2025-05-09T10:56:45.097+05:30  WARN 21056 --- [PropertyListing] [main] iguration$LoadBalancerCaffeineWarnLogger : Spring Cloud LoadBalancer is currently working with the default cache. While this cache implementation is useful for development and tests, it's recommended to use Caffeine cache in production.You can switch to using Caffeine cache, by adding it and org.springframework.cache.caffeine.CaffeineCacheManager to the classpath.
2025-05-09T10:56:45.162+05:30  INFO 21056 --- [PropertyListing] [main] o.s.b.a.e.web.EndpointLinksResolver      : Exposing 18 endpoints beneath base path '/actuator'
2025-05-09T10:56:45.335+05:30  INFO 21056 --- [PropertyListing] [main] o.s.c.n.eureka.InstanceInfoFactory       : Setting initial instance status as: STARTING
2025-05-09T10:56:45.383+05:30  INFO 21056 --- [PropertyListing] [main] com.netflix.discovery.DiscoveryClient    : Initializing Eureka in region us-east-1
2025-05-09T10:56:45.393+05:30  INFO 21056 --- [PropertyListing] [main] c.n.d.s.r.aws.ConfigClusterResolver      : Resolving eureka endpoints via configuration
2025-05-09T10:56:45.407+05:30  INFO 21056 --- [PropertyListing] [main] com.netflix.discovery.DiscoveryClient    : Disable delta property : false
2025-05-09T10:56:45.407+05:30  INFO 21056 --- [PropertyListing] [main] com.netflix.discovery.DiscoveryClient    : Single vip registry refresh property : null
2025-05-09T10:56:45.408+05:30  INFO 21056 --- [PropertyListing] [main] com.netflix.discovery.DiscoveryClient    : Force full registry fetch : false
2025-05-09T10:56:45.408+05:30  INFO 21056 --- [PropertyListing] [main] com.netflix.discovery.DiscoveryClient    : Application is null : false
2025-05-09T10:56:45.408+05:30  INFO 21056 --- [PropertyListing] [main] com.netflix.discovery.DiscoveryClient    : Registered Applications size is zero : true
2025-05-09T10:56:45.409+05:30  INFO 21056 --- [PropertyListing] [main] com.netflix.discovery.DiscoveryClient    : Application version is -1: true
2025-05-09T10:56:45.409+05:30  INFO 21056 --- [PropertyListing] [main] com.netflix.discovery.DiscoveryClient    : Getting all instance registry info from the eureka server
2025-05-09T10:56:45.877+05:30  INFO 21056 --- [PropertyListing] [main] com.netflix.discovery.DiscoveryClient    : The response status is 200
2025-05-09T10:56:45.879+05:30  INFO 21056 --- [PropertyListing] [main] com.netflix.discovery.DiscoveryClient    : Starting heartbeat executor: renew interval is: 30
2025-05-09T10:56:45.883+05:30  INFO 21056 --- [PropertyListing] [main] c.n.discovery.InstanceInfoReplicator     : InstanceInfoReplicator onDemand update allowed rate per min is 4
2025-05-09T10:56:45.887+05:30  INFO 21056 --- [PropertyListing] [main] com.netflix.discovery.DiscoveryClient    : Discovery Client initialized at timestamp 1746768405885 with initial instances count: 0
2025-05-09T10:56:45.908+05:30  INFO 21056 --- [PropertyListing] [main] o.s.c.n.e.s.EurekaServiceRegistry        : Registering application PROPERTYLISTING with eureka with status UP
2025-05-09T10:56:45.910+05:30  INFO 21056 --- [PropertyListing] [main] com.netflix.discovery.DiscoveryClient    : Saw local status change event StatusChangeEvent [timestamp=1746768405909, current=UP, previous=STARTING]
2025-05-09T10:56:45.915+05:30  INFO 21056 --- [PropertyListing] [DiscoveryClient-InstanceInfoReplicator-%d] com.netflix.discovery.DiscoveryClient    : DiscoveryClient_PROPERTYLISTING/LTIN600038.cts.com:PropertyListing:8092: registering service...
2025-05-09T10:56:45.961+05:30  INFO 21056 --- [PropertyListing] [main] o.s.b.w.embedded.tomcat.TomcatWebServer  : Tomcat started on port 8092 (http) with context path '/'
2025-05-09T10:56:45.962+05:30  INFO 21056 --- [PropertyListing] [main] .s.c.n.e.s.EurekaAutoServiceRegistration : Updating port to 8092
2025-05-09T10:56:46.002+05:30  INFO 21056 --- [PropertyListing] [main] com.cts.PropertyListingApplication       : Started PropertyListingApplication in 18.108 seconds (process running for 19.989)
2025-05-09T10:56:46.011+05:30  INFO 21056 --- [PropertyListing] [DiscoveryClient-InstanceInfoReplicator-%d] com.netflix.discovery.DiscoveryClient    : DiscoveryClient_PROPERTYLISTING/LTIN600038.cts.com:PropertyListing:8092 - registration status: 204
2025-05-09T10:56:46.440+05:30  INFO 21056 --- [PropertyListing] [RMI TCP Connection(7)-127.0.0.1] o.a.c.c.C.[Tomcat].[localhost].[/]       : Initializing Spring DispatcherServlet 'dispatcherServlet'
2025-05-09T10:56:46.440+05:30  INFO 21056 --- [PropertyListing] [RMI TCP Connection(7)-127.0.0.1] o.s.web.servlet.DispatcherServlet        : Initializing Servlet 'dispatcherServlet'
2025-05-09T10:56:46.443+05:30  INFO 21056 --- [PropertyListing] [RMI TCP Connection(7)-127.0.0.1] o.s.web.servlet.DispatcherServlet        : Completed initialization in 2 ms
2025-05-09T10:57:15.926+05:30  INFO 21056 --- [PropertyListing] [DiscoveryClient-CacheRefreshExecutor-%d] com.netflix.discovery.DiscoveryClient    : Disable delta property : false
2025-05-09T10:57:15.926+05:30  INFO 21056 --- [PropertyListing] [DiscoveryClient-CacheRefreshExecutor-%d] com.netflix.discovery.DiscoveryClient    : Single vip registry refresh property : null
2025-05-09T10:57:15.926+05:30  INFO 21056 --- [PropertyListing] [DiscoveryClient-CacheRefreshExecutor-%d] com.netflix.discovery.DiscoveryClient    : Force full registry fetch : false
2025-05-09T10:57:15.926+05:30  INFO 21056 --- [PropertyListing] [DiscoveryClient-CacheRefreshExecutor-%d] com.netflix.discovery.DiscoveryClient    : Application is null : false
2025-05-09T10:57:15.926+05:30  INFO 21056 --- [PropertyListing] [DiscoveryClient-CacheRefreshExecutor-%d] com.netflix.discovery.DiscoveryClient    : Registered Applications size is zero : true
2025-05-09T10:57:15.926+05:30  INFO 21056 --- [PropertyListing] [DiscoveryClient-CacheRefreshExecutor-%d] com.netflix.discovery.DiscoveryClient    : Application version is -1: false
2025-05-09T10:57:15.926+05:30  INFO 21056 --- [PropertyListing] [DiscoveryClient-CacheRefreshExecutor-%d] com.netflix.discovery.DiscoveryClient    : Getting all instance registry info from the eureka server
2025-05-09T10:57:15.958+05:30  INFO 21056 --- [PropertyListing] [DiscoveryClient-CacheRefreshExecutor-%d] com.netflix.discovery.DiscoveryClient    : The response status is 200
2025-05-09T11:01:45.419+05:30  INFO 21056 --- [PropertyListing] [AsyncResolver-bootstrap-executor-%d] c.n.d.s.r.aws.ConfigClusterResolver      : Resolving eureka endpoints via configuration
2025-05-09T11:06:45.423+05:30  INFO 21056 --- [PropertyListing] [AsyncResolver-bootstrap-executor-%d] c.n.d.s.r.aws.ConfigClusterResolver      : Resolving eureka endpoints via configuration
2025-05-09T11:09:10.287+05:30  INFO 21056 --- [PropertyListing] [RMI TCP Connection(26)-127.0.0.1] inMXBeanRegistrar$SpringApplicationAdmin : Application shutdown requested.
2025-05-09T11:09:10.288+05:30  INFO 21056 --- [PropertyListing] [RMI TCP Connection(26)-127.0.0.1] o.s.c.n.e.s.EurekaServiceRegistry        : Unregistering application PROPERTYLISTING with eureka with status DOWN
2025-05-09T11:09:10.288+05:30  INFO 21056 --- [PropertyListing] [RMI TCP Connection(26)-127.0.0.1] com.netflix.discovery.DiscoveryClient    : Saw local status change event StatusChangeEvent [timestamp=1746769150288, current=DOWN, previous=UP]
2025-05-09T11:09:10.291+05:30  INFO 21056 --- [PropertyListing] [RMI TCP Connection(26)-127.0.0.1] o.s.b.w.e.tomcat.GracefulShutdown        : Commencing graceful shutdown. Waiting for active requests to complete
2025-05-09T11:09:10.291+05:30  INFO 21056 --- [PropertyListing] [DiscoveryClient-InstanceInfoReplicator-%d] com.netflix.discovery.DiscoveryClient    : DiscoveryClient_PROPERTYLISTING/LTIN600038.cts.com:PropertyListing:8092: registering service...
2025-05-09T11:09:10.337+05:30  INFO 21056 --- [PropertyListing] [tomcat-shutdown] o.s.b.w.e.tomcat.GracefulShutdown        : Graceful shutdown complete
2025-05-09T11:09:10.350+05:30  INFO 21056 --- [PropertyListing] [RMI TCP Connection(26)-127.0.0.1] j.LocalContainerEntityManagerFactoryBean : Closing JPA EntityManagerFactory for persistence unit 'default'
2025-05-09T11:09:10.352+05:30  INFO 21056 --- [PropertyListing] [RMI TCP Connection(26)-127.0.0.1] com.zaxxer.hikari.HikariDataSource       : HikariPool-1 - Shutdown initiated...
2025-05-09T11:09:10.369+05:30  INFO 21056 --- [PropertyListing] [RMI TCP Connection(26)-127.0.0.1] com.zaxxer.hikari.HikariDataSource       : HikariPool-1 - Shutdown completed.
2025-05-09T11:09:10.371+05:30  INFO 21056 --- [PropertyListing] [RMI TCP Connection(26)-127.0.0.1] com.netflix.discovery.DiscoveryClient    : Shutting down DiscoveryClient ...
2025-05-09T11:09:10.511+05:30  INFO 21056 --- [PropertyListing] [DiscoveryClient-InstanceInfoReplicator-%d] com.netflix.discovery.DiscoveryClient    : DiscoveryClient_PROPERTYLISTING/LTIN600038.cts.com:PropertyListing:8092 - registration status: 204
2025-05-09T11:09:10.514+05:30  INFO 21056 --- [PropertyListing] [RMI TCP Connection(26)-127.0.0.1] com.netflix.discovery.DiscoveryClient    : Unregistering ...
2025-05-09T11:09:10.538+05:30  INFO 21056 --- [PropertyListing] [RMI TCP Connection(26)-127.0.0.1] com.netflix.discovery.DiscoveryClient    : DiscoveryClient_PROPERTYLISTING/LTIN600038.cts.com:PropertyListing:8092 - deregister  status: 200
2025-05-09T11:09:10.538+05:30  INFO 21056 --- [PropertyListing] [RMI TCP Connection(26)-127.0.0.1] com.netflix.discovery.DiscoveryClient    : Completed shut down of DiscoveryClient
2025-05-09T11:09:29.004+05:30  INFO 21144 --- [PropertyListing] [main] com.cts.PropertyListingApplication       : Starting PropertyListingApplication using Java 21.0.6 with PID 21144 (C:\Users\2400736\git\leaserepository\PropertyListing\target\classes started by 2400736 in C:\Users\2400736\git\leaserepository\PropertyListing)
2025-05-09T11:09:29.007+05:30  INFO 21144 --- [PropertyListing] [main] com.cts.PropertyListingApplication       : No active profile set, falling back to 1 default profile: "default"
2025-05-09T11:09:29.062+05:30  INFO 21144 --- [PropertyListing] [main] o.s.c.c.c.ConfigServerConfigDataLoader   : Fetching config from server at : http://localhost:8088
2025-05-09T11:09:29.062+05:30  INFO 21144 --- [PropertyListing] [main] o.s.c.c.c.ConfigServerConfigDataLoader   : Located environment: name=PropertyListing, profiles=[default], label=null, version=440f1a47c25d3d97a8010bcb05cb619c643494c7, state=
2025-05-09T11:09:30.189+05:30  INFO 21144 --- [PropertyListing] [main] .s.d.r.c.RepositoryConfigurationDelegate : Bootstrapping Spring Data JPA repositories in DEFAULT mode.
2025-05-09T11:09:30.360+05:30  INFO 21144 --- [PropertyListing] [main] .s.d.r.c.RepositoryConfigurationDelegate : Finished Spring Data repository scanning in 161 ms. Found 1 JPA repository interface.
2025-05-09T11:09:30.612+05:30  INFO 21144 --- [PropertyListing] [main] o.s.cloud.context.scope.GenericScope     : BeanFactory id=4d39f8be-86ca-3308-a6ae-d916406973a7
2025-05-09T11:09:31.458+05:30  INFO 21144 --- [PropertyListing] [main] o.s.b.w.embedded.tomcat.TomcatWebServer  : Tomcat initialized with port 8092 (http)
2025-05-09T11:09:31.477+05:30  INFO 21144 --- [PropertyListing] [main] o.apache.catalina.core.StandardService   : Starting service [Tomcat]
2025-05-09T11:09:31.477+05:30  INFO 21144 --- [PropertyListing] [main] o.apache.catalina.core.StandardEngine    : Starting Servlet engine: [Apache Tomcat/10.1.40]
2025-05-09T11:09:31.589+05:30  INFO 21144 --- [PropertyListing] [main] o.a.c.c.C.[Tomcat].[localhost].[/]       : Initializing Spring embedded WebApplicationContext
2025-05-09T11:09:31.590+05:30  INFO 21144 --- [PropertyListing] [main] w.s.c.ServletWebServerApplicationContext : Root WebApplicationContext: initialization completed in 2526 ms
2025-05-09T11:09:32.135+05:30  INFO 21144 --- [PropertyListing] [main] o.hibernate.jpa.internal.util.LogHelper  : HHH000204: Processing PersistenceUnitInfo [name: default]
2025-05-09T11:09:32.222+05:30  INFO 21144 --- [PropertyListing] [main] org.hibernate.Version                    : HHH000412: Hibernate ORM core version 6.6.13.Final
2025-05-09T11:09:32.264+05:30  INFO 21144 --- [PropertyListing] [main] o.h.c.internal.RegionFactoryInitiator    : HHH000026: Second-level cache disabled
2025-05-09T11:09:32.642+05:30  INFO 21144 --- [PropertyListing] [main] o.s.o.j.p.SpringPersistenceUnitInfo      : No LoadTimeWeaver setup: ignoring JPA class transformer
2025-05-09T11:09:32.680+05:30  INFO 21144 --- [PropertyListing] [main] com.zaxxer.hikari.HikariDataSource       : HikariPool-1 - Starting...
2025-05-09T11:09:33.044+05:30  INFO 21144 --- [PropertyListing] [main] com.zaxxer.hikari.pool.HikariPool        : HikariPool-1 - Added connection com.mysql.cj.jdbc.ConnectionImpl@7e5e7753
2025-05-09T11:09:33.046+05:30  INFO 21144 --- [PropertyListing] [main] com.zaxxer.hikari.HikariDataSource       : HikariPool-1 - Start completed.
2025-05-09T11:09:33.099+05:30  WARN 21144 --- [PropertyListing] [main] org.hibernate.orm.deprecation            : HHH90000025: MySQLDialect does not need to be specified explicitly using 'hibernate.dialect' (remove the property setting and it will be selected by default)
2025-05-09T11:09:33.123+05:30  INFO 21144 --- [PropertyListing] [main] org.hibernate.orm.connections.pooling    : HHH10001005: Database info:
	Database JDBC URL [Connecting through datasource 'HikariDataSource (HikariPool-1)']
	Database driver: undefined/unknown
	Database version: 8.0.41
	Autocommit mode: undefined/unknown
	Isolation level: undefined/unknown
	Minimum pool size: undefined/unknown
	Maximum pool size: undefined/unknown
2025-05-09T11:09:34.330+05:30  INFO 21144 --- [PropertyListing] [main] o.h.e.t.j.p.i.JtaPlatformInitiator       : HHH000489: No JTA platform available (set 'hibernate.transaction.jta.platform' to enable JTA platform integration)
2025-05-09T11:09:34.401+05:30  INFO 21144 --- [PropertyListing] [main] j.LocalContainerEntityManagerFactoryBean : Initialized JPA EntityManagerFactory for persistence unit 'default'
2025-05-09T11:09:34.794+05:30  WARN 21144 --- [PropertyListing] [main] JpaBaseConfiguration$JpaWebConfiguration : spring.jpa.open-in-view is enabled by default. Therefore, database queries may be performed during view rendering. Explicitly configure spring.jpa.open-in-view to disable this warning
2025-05-09T11:09:36.136+05:30  INFO 21144 --- [PropertyListing] [main] DiscoveryClientOptionalArgsConfiguration : Eureka HTTP Client uses RestTemplate.
2025-05-09T11:09:36.239+05:30  WARN 21144 --- [PropertyListing] [main] iguration$LoadBalancerCaffeineWarnLogger : Spring Cloud LoadBalancer is currently working with the default cache. While this cache implementation is useful for development and tests, it's recommended to use Caffeine cache in production.You can switch to using Caffeine cache, by adding it and org.springframework.cache.caffeine.CaffeineCacheManager to the classpath.
2025-05-09T11:09:36.278+05:30  INFO 21144 --- [PropertyListing] [main] o.s.b.a.e.web.EndpointLinksResolver      : Exposing 18 endpoints beneath base path '/actuator'
2025-05-09T11:09:36.410+05:30  INFO 21144 --- [PropertyListing] [main] o.s.c.n.eureka.InstanceInfoFactory       : Setting initial instance status as: STARTING
2025-05-09T11:09:36.453+05:30  INFO 21144 --- [PropertyListing] [main] com.netflix.discovery.DiscoveryClient    : Initializing Eureka in region us-east-1
2025-05-09T11:09:36.460+05:30  INFO 21144 --- [PropertyListing] [main] c.n.d.s.r.aws.ConfigClusterResolver      : Resolving eureka endpoints via configuration
2025-05-09T11:09:36.479+05:30  INFO 21144 --- [PropertyListing] [main] com.netflix.discovery.DiscoveryClient    : Disable delta property : false
2025-05-09T11:09:36.480+05:30  INFO 21144 --- [PropertyListing] [main] com.netflix.discovery.DiscoveryClient    : Single vip registry refresh property : null
2025-05-09T11:09:36.480+05:30  INFO 21144 --- [PropertyListing] [main] com.netflix.discovery.DiscoveryClient    : Force full registry fetch : false
2025-05-09T11:09:36.480+05:30  INFO 21144 --- [PropertyListing] [main] com.netflix.discovery.DiscoveryClient    : Application is null : false
2025-05-09T11:09:36.480+05:30  INFO 21144 --- [PropertyListing] [main] com.netflix.discovery.DiscoveryClient    : Registered Applications size is zero : true
2025-05-09T11:09:36.480+05:30  INFO 21144 --- [PropertyListing] [main] com.netflix.discovery.DiscoveryClient    : Application version is -1: true
2025-05-09T11:09:36.480+05:30  INFO 21144 --- [PropertyListing] [main] com.netflix.discovery.DiscoveryClient    : Getting all instance registry info from the eureka server
2025-05-09T11:09:36.841+05:30  INFO 21144 --- [PropertyListing] [main] com.netflix.discovery.DiscoveryClient    : The response status is 200
2025-05-09T11:09:36.843+05:30  INFO 21144 --- [PropertyListing] [main] com.netflix.discovery.DiscoveryClient    : Starting heartbeat executor: renew interval is: 30
2025-05-09T11:09:36.846+05:30  INFO 21144 --- [PropertyListing] [main] c.n.discovery.InstanceInfoReplicator     : InstanceInfoReplicator onDemand update allowed rate per min is 4
2025-05-09T11:09:36.848+05:30  INFO 21144 --- [PropertyListing] [main] com.netflix.discovery.DiscoveryClient    : Discovery Client initialized at timestamp 1746769176848 with initial instances count: 1
2025-05-09T11:09:36.859+05:30  INFO 21144 --- [PropertyListing] [main] o.s.c.n.e.s.EurekaServiceRegistry        : Registering application PROPERTYLISTING with eureka with status UP
2025-05-09T11:09:36.860+05:30  INFO 21144 --- [PropertyListing] [main] com.netflix.discovery.DiscoveryClient    : Saw local status change event StatusChangeEvent [timestamp=1746769176859, current=UP, previous=STARTING]
2025-05-09T11:09:36.863+05:30  INFO 21144 --- [PropertyListing] [DiscoveryClient-InstanceInfoReplicator-%d] com.netflix.discovery.DiscoveryClient    : DiscoveryClient_PROPERTYLISTING/LTIN600038.cts.com:PropertyListing:8092: registering service...
2025-05-09T11:09:36.888+05:30  INFO 21144 --- [PropertyListing] [main] o.s.b.w.embedded.tomcat.TomcatWebServer  : Tomcat started on port 8092 (http) with context path '/'
2025-05-09T11:09:36.889+05:30  INFO 21144 --- [PropertyListing] [main] .s.c.n.e.s.EurekaAutoServiceRegistration : Updating port to 8092
2025-05-09T11:09:36.909+05:30  INFO 21144 --- [PropertyListing] [main] com.cts.PropertyListingApplication       : Started PropertyListingApplication in 15.629 seconds (process running for 16.78)
2025-05-09T11:09:36.915+05:30  INFO 21144 --- [PropertyListing] [DiscoveryClient-InstanceInfoReplicator-%d] com.netflix.discovery.DiscoveryClient    : DiscoveryClient_PROPERTYLISTING/LTIN600038.cts.com:PropertyListing:8092 - registration status: 204
2025-05-09T11:09:37.188+05:30  INFO 21144 --- [PropertyListing] [RMI TCP Connection(8)-127.0.0.1] o.a.c.c.C.[Tomcat].[localhost].[/]       : Initializing Spring DispatcherServlet 'dispatcherServlet'
2025-05-09T11:09:37.188+05:30  INFO 21144 --- [PropertyListing] [RMI TCP Connection(8)-127.0.0.1] o.s.web.servlet.DispatcherServlet        : Initializing Servlet 'dispatcherServlet'
2025-05-09T11:09:37.190+05:30  INFO 21144 --- [PropertyListing] [RMI TCP Connection(8)-127.0.0.1] o.s.web.servlet.DispatcherServlet        : Completed initialization in 2 ms
2025-05-09T11:14:36.542+05:30  INFO 21144 --- [PropertyListing] [AsyncResolver-bootstrap-executor-%d] c.n.d.s.r.aws.ConfigClusterResolver      : Resolving eureka endpoints via configuration
2025-05-09T11:23:47.921+05:30  WARN 21144 --- [PropertyListing] [HikariPool-1 housekeeper] com.zaxxer.hikari.pool.HikariPool        : HikariPool-1 - Thread starvation or clock leap detected (housekeeper delta=8m44s674ms273µs).
2025-05-09T11:27:51.207+05:30  INFO 21144 --- [PropertyListing] [AsyncResolver-bootstrap-executor-%d] c.n.d.s.r.aws.ConfigClusterResolver      : Resolving eureka endpoints via configuration
2025-05-09T11:32:51.217+05:30  INFO 21144 --- [PropertyListing] [AsyncResolver-bootstrap-executor-%d] c.n.d.s.r.aws.ConfigClusterResolver      : Resolving eureka endpoints via configuration
2025-05-09T11:37:51.225+05:30  INFO 21144 --- [PropertyListing] [AsyncResolver-bootstrap-executor-%d] c.n.d.s.r.aws.ConfigClusterResolver      : Resolving eureka endpoints via configuration
