2025-05-09T10:56:35.940+05:30  INFO 24504 --- [LeaseManagement] [main] com.cts.LeaseManagementApplication       : Starting LeaseManagementApplication using Java 21.0.6 with PID 24504 (C:\Users\2400736\git\leaserepository\LeaseManagement\target\classes started by 2400736 in C:\Users\2400736\git\leaserepository\LeaseManagement)
2025-05-09T10:56:35.981+05:30  INFO 24504 --- [LeaseManagement] [main] com.cts.LeaseManagementApplication       : No active profile set, falling back to 1 default profile: "default"
2025-05-09T10:56:36.054+05:30  INFO 24504 --- [LeaseManagement] [main] o.s.c.c.c.ConfigServerConfigDataLoader   : Fetching config from server at : http://localhost:8088
2025-05-09T10:56:36.056+05:30  INFO 24504 --- [LeaseManagement] [main] o.s.c.c.c.ConfigServerConfigDataLoader   : Located environment: name=LeaseManagement, profiles=[default], label=null, version=440f1a47c25d3d97a8010bcb05cb619c643494c7, state=
2025-05-09T10:56:37.898+05:30  INFO 24504 --- [LeaseManagement] [main] .s.d.r.c.RepositoryConfigurationDelegate : Bootstrapping Spring Data JPA repositories in DEFAULT mode.
2025-05-09T10:56:38.162+05:30  INFO 24504 --- [LeaseManagement] [main] .s.d.r.c.RepositoryConfigurationDelegate : Finished Spring Data repository scanning in 249 ms. Found 1 JPA repository interface.
2025-05-09T10:56:38.549+05:30  INFO 24504 --- [LeaseManagement] [main] o.s.cloud.context.scope.GenericScope     : BeanFactory id=3d10e4bd-b6bf-3f6e-bbed-388b92e99ac4
2025-05-09T10:56:39.629+05:30  INFO 24504 --- [LeaseManagement] [main] o.s.b.w.embedded.tomcat.TomcatWebServer  : Tomcat initialized with port 8094 (http)
2025-05-09T10:56:39.652+05:30  INFO 24504 --- [LeaseManagement] [main] o.apache.catalina.core.StandardService   : Starting service [Tomcat]
2025-05-09T10:56:39.653+05:30  INFO 24504 --- [LeaseManagement] [main] o.apache.catalina.core.StandardEngine    : Starting Servlet engine: [Apache Tomcat/10.1.40]
2025-05-09T10:56:39.825+05:30  INFO 24504 --- [LeaseManagement] [main] o.a.c.c.C.[Tomcat].[localhost].[/]       : Initializing Spring embedded WebApplicationContext
2025-05-09T10:56:39.826+05:30  INFO 24504 --- [LeaseManagement] [main] w.s.c.ServletWebServerApplicationContext : Root WebApplicationContext: initialization completed in 3767 ms
2025-05-09T10:56:40.506+05:30  INFO 24504 --- [LeaseManagement] [main] o.hibernate.jpa.internal.util.LogHelper  : HHH000204: Processing PersistenceUnitInfo [name: default]
2025-05-09T10:56:40.625+05:30  INFO 24504 --- [LeaseManagement] [main] org.hibernate.Version                    : HHH000412: Hibernate ORM core version 6.6.13.Final
2025-05-09T10:56:40.702+05:30  INFO 24504 --- [LeaseManagement] [main] o.h.c.internal.RegionFactoryInitiator    : HHH000026: Second-level cache disabled
2025-05-09T10:56:41.271+05:30  INFO 24504 --- [LeaseManagement] [main] o.s.o.j.p.SpringPersistenceUnitInfo      : No LoadTimeWeaver setup: ignoring JPA class transformer
2025-05-09T10:56:41.327+05:30  INFO 24504 --- [LeaseManagement] [main] com.zaxxer.hikari.HikariDataSource       : HikariPool-1 - Starting...
2025-05-09T10:56:41.857+05:30  INFO 24504 --- [LeaseManagement] [main] com.zaxxer.hikari.pool.HikariPool        : HikariPool-1 - Added connection com.mysql.cj.jdbc.ConnectionImpl@3c717ef2
2025-05-09T10:56:41.859+05:30  INFO 24504 --- [LeaseManagement] [main] com.zaxxer.hikari.HikariDataSource       : HikariPool-1 - Start completed.
2025-05-09T10:56:41.934+05:30  WARN 24504 --- [LeaseManagement] [main] org.hibernate.orm.deprecation            : HHH90000025: MySQLDialect does not need to be specified explicitly using 'hibernate.dialect' (remove the property setting and it will be selected by default)
2025-05-09T10:56:41.964+05:30  INFO 24504 --- [LeaseManagement] [main] org.hibernate.orm.connections.pooling    : HHH10001005: Database info:
	Database JDBC URL [Connecting through datasource 'HikariDataSource (HikariPool-1)']
	Database driver: undefined/unknown
	Database version: 8.0.41
	Autocommit mode: undefined/unknown
	Isolation level: undefined/unknown
	Minimum pool size: undefined/unknown
	Maximum pool size: undefined/unknown
2025-05-09T10:56:43.526+05:30  INFO 24504 --- [LeaseManagement] [main] o.h.e.t.j.p.i.JtaPlatformInitiator       : HHH000489: No JTA platform available (set 'hibernate.transaction.jta.platform' to enable JTA platform integration)
2025-05-09T10:56:43.634+05:30  INFO 24504 --- [LeaseManagement] [main] j.LocalContainerEntityManagerFactoryBean : Initialized JPA EntityManagerFactory for persistence unit 'default'
2025-05-09T10:56:44.217+05:30  WARN 24504 --- [LeaseManagement] [main] JpaBaseConfiguration$JpaWebConfiguration : spring.jpa.open-in-view is enabled by default. Therefore, database queries may be performed during view rendering. Explicitly configure spring.jpa.open-in-view to disable this warning
2025-05-09T10:56:44.412+05:30  INFO 24504 --- [LeaseManagement] [main] o.s.c.openfeign.FeignClientFactoryBean   : For 'TENANTMANAGEMENT' URL not provided. Will try picking an instance via load-balancing.
2025-05-09T10:56:44.518+05:30  INFO 24504 --- [LeaseManagement] [main] o.s.c.openfeign.FeignClientFactoryBean   : For 'PROPERTYLISTING' URL not provided. Will try picking an instance via load-balancing.
2025-05-09T10:56:46.182+05:30  INFO 24504 --- [LeaseManagement] [main] DiscoveryClientOptionalArgsConfiguration : Eureka HTTP Client uses RestTemplate.
2025-05-09T10:56:46.285+05:30  WARN 24504 --- [LeaseManagement] [main] iguration$LoadBalancerCaffeineWarnLogger : Spring Cloud LoadBalancer is currently working with the default cache. While this cache implementation is useful for development and tests, it's recommended to use Caffeine cache in production.You can switch to using Caffeine cache, by adding it and org.springframework.cache.caffeine.CaffeineCacheManager to the classpath.
2025-05-09T10:56:46.337+05:30  INFO 24504 --- [LeaseManagement] [main] o.s.b.a.e.web.EndpointLinksResolver      : Exposing 18 endpoints beneath base path '/actuator'
2025-05-09T10:56:46.559+05:30  INFO 24504 --- [LeaseManagement] [main] o.s.c.n.eureka.InstanceInfoFactory       : Setting initial instance status as: STARTING
2025-05-09T10:56:46.646+05:30  INFO 24504 --- [LeaseManagement] [main] com.netflix.discovery.DiscoveryClient    : Initializing Eureka in region us-east-1
2025-05-09T10:56:46.655+05:30  INFO 24504 --- [LeaseManagement] [main] c.n.d.s.r.aws.ConfigClusterResolver      : Resolving eureka endpoints via configuration
2025-05-09T10:56:46.686+05:30  INFO 24504 --- [LeaseManagement] [main] com.netflix.discovery.DiscoveryClient    : Disable delta property : false
2025-05-09T10:56:46.687+05:30  INFO 24504 --- [LeaseManagement] [main] com.netflix.discovery.DiscoveryClient    : Single vip registry refresh property : null
2025-05-09T10:56:46.687+05:30  INFO 24504 --- [LeaseManagement] [main] com.netflix.discovery.DiscoveryClient    : Force full registry fetch : false
2025-05-09T10:56:46.687+05:30  INFO 24504 --- [LeaseManagement] [main] com.netflix.discovery.DiscoveryClient    : Application is null : false
2025-05-09T10:56:46.688+05:30  INFO 24504 --- [LeaseManagement] [main] com.netflix.discovery.DiscoveryClient    : Registered Applications size is zero : true
2025-05-09T10:56:46.688+05:30  INFO 24504 --- [LeaseManagement] [main] com.netflix.discovery.DiscoveryClient    : Application version is -1: true
2025-05-09T10:56:46.688+05:30  INFO 24504 --- [LeaseManagement] [main] com.netflix.discovery.DiscoveryClient    : Getting all instance registry info from the eureka server
2025-05-09T10:56:47.105+05:30  INFO 24504 --- [LeaseManagement] [main] com.netflix.discovery.DiscoveryClient    : The response status is 200
2025-05-09T10:56:47.108+05:30  INFO 24504 --- [LeaseManagement] [main] com.netflix.discovery.DiscoveryClient    : Starting heartbeat executor: renew interval is: 30
2025-05-09T10:56:47.111+05:30  INFO 24504 --- [LeaseManagement] [main] c.n.discovery.InstanceInfoReplicator     : InstanceInfoReplicator onDemand update allowed rate per min is 4
2025-05-09T10:56:47.115+05:30  INFO 24504 --- [LeaseManagement] [main] com.netflix.discovery.DiscoveryClient    : Discovery Client initialized at timestamp 1746768407113 with initial instances count: 0
2025-05-09T10:56:47.127+05:30  INFO 24504 --- [LeaseManagement] [main] o.s.c.n.e.s.EurekaServiceRegistry        : Registering application LEASEMANAGEMENT with eureka with status UP
2025-05-09T10:56:47.128+05:30  INFO 24504 --- [LeaseManagement] [main] com.netflix.discovery.DiscoveryClient    : Saw local status change event StatusChangeEvent [timestamp=1746768407128, current=UP, previous=STARTING]
2025-05-09T10:56:47.132+05:30  INFO 24504 --- [LeaseManagement] [DiscoveryClient-InstanceInfoReplicator-%d] com.netflix.discovery.DiscoveryClient    : DiscoveryClient_LEASEMANAGEMENT/LTIN600038.cts.com:LeaseManagement:8094: registering service...
2025-05-09T10:56:47.165+05:30  INFO 24504 --- [LeaseManagement] [main] o.s.b.w.embedded.tomcat.TomcatWebServer  : Tomcat started on port 8094 (http) with context path '/'
2025-05-09T10:56:47.166+05:30  INFO 24504 --- [LeaseManagement] [main] .s.c.n.e.s.EurekaAutoServiceRegistration : Updating port to 8094
2025-05-09T10:56:47.190+05:30  INFO 24504 --- [LeaseManagement] [main] com.cts.LeaseManagementApplication       : Started LeaseManagementApplication in 19.901 seconds (process running for 21.901)
2025-05-09T10:56:47.202+05:30  INFO 24504 --- [LeaseManagement] [DiscoveryClient-InstanceInfoReplicator-%d] com.netflix.discovery.DiscoveryClient    : DiscoveryClient_LEASEMANAGEMENT/LTIN600038.cts.com:LeaseManagement:8094 - registration status: 204
2025-05-09T10:56:47.519+05:30  INFO 24504 --- [LeaseManagement] [RMI TCP Connection(9)-127.0.0.1] o.a.c.c.C.[Tomcat].[localhost].[/]       : Initializing Spring DispatcherServlet 'dispatcherServlet'
2025-05-09T10:56:47.519+05:30  INFO 24504 --- [LeaseManagement] [RMI TCP Connection(9)-127.0.0.1] o.s.web.servlet.DispatcherServlet        : Initializing Servlet 'dispatcherServlet'
2025-05-09T10:56:47.521+05:30  INFO 24504 --- [LeaseManagement] [RMI TCP Connection(9)-127.0.0.1] o.s.web.servlet.DispatcherServlet        : Completed initialization in 1 ms
2025-05-09T10:57:17.157+05:30  INFO 24504 --- [LeaseManagement] [DiscoveryClient-CacheRefreshExecutor-%d] com.netflix.discovery.DiscoveryClient    : Disable delta property : false
2025-05-09T10:57:17.158+05:30  INFO 24504 --- [LeaseManagement] [DiscoveryClient-CacheRefreshExecutor-%d] com.netflix.discovery.DiscoveryClient    : Single vip registry refresh property : null
2025-05-09T10:57:17.158+05:30  INFO 24504 --- [LeaseManagement] [DiscoveryClient-CacheRefreshExecutor-%d] com.netflix.discovery.DiscoveryClient    : Force full registry fetch : false
2025-05-09T10:57:17.158+05:30  INFO 24504 --- [LeaseManagement] [DiscoveryClient-CacheRefreshExecutor-%d] com.netflix.discovery.DiscoveryClient    : Application is null : false
2025-05-09T10:57:17.158+05:30  INFO 24504 --- [LeaseManagement] [DiscoveryClient-CacheRefreshExecutor-%d] com.netflix.discovery.DiscoveryClient    : Registered Applications size is zero : true
2025-05-09T10:57:17.158+05:30  INFO 24504 --- [LeaseManagement] [DiscoveryClient-CacheRefreshExecutor-%d] com.netflix.discovery.DiscoveryClient    : Application version is -1: false
2025-05-09T10:57:17.158+05:30  INFO 24504 --- [LeaseManagement] [DiscoveryClient-CacheRefreshExecutor-%d] com.netflix.discovery.DiscoveryClient    : Getting all instance registry info from the eureka server
2025-05-09T10:57:17.213+05:30  INFO 24504 --- [LeaseManagement] [DiscoveryClient-CacheRefreshExecutor-%d] com.netflix.discovery.DiscoveryClient    : The response status is 200
2025-05-09T11:01:46.700+05:30  INFO 24504 --- [LeaseManagement] [AsyncResolver-bootstrap-executor-%d] c.n.d.s.r.aws.ConfigClusterResolver      : Resolving eureka endpoints via configuration
2025-05-09T11:06:46.702+05:30  INFO 24504 --- [LeaseManagement] [AsyncResolver-bootstrap-executor-%d] c.n.d.s.r.aws.ConfigClusterResolver      : Resolving eureka endpoints via configuration
2025-05-09T11:09:10.318+05:30  INFO 24504 --- [LeaseManagement] [RMI TCP Connection(25)-127.0.0.1] inMXBeanRegistrar$SpringApplicationAdmin : Application shutdown requested.
2025-05-09T11:09:10.319+05:30  INFO 24504 --- [LeaseManagement] [RMI TCP Connection(25)-127.0.0.1] o.s.c.n.e.s.EurekaServiceRegistry        : Unregistering application LEASEMANAGEMENT with eureka with status DOWN
2025-05-09T11:09:10.319+05:30  INFO 24504 --- [LeaseManagement] [RMI TCP Connection(25)-127.0.0.1] com.netflix.discovery.DiscoveryClient    : Saw local status change event StatusChangeEvent [timestamp=1746769150319, current=DOWN, previous=UP]
2025-05-09T11:09:10.321+05:30  INFO 24504 --- [LeaseManagement] [DiscoveryClient-InstanceInfoReplicator-%d] com.netflix.discovery.DiscoveryClient    : DiscoveryClient_LEASEMANAGEMENT/LTIN600038.cts.com:LeaseManagement:8094: registering service...
2025-05-09T11:09:10.322+05:30  INFO 24504 --- [LeaseManagement] [RMI TCP Connection(25)-127.0.0.1] o.s.b.w.e.tomcat.GracefulShutdown        : Commencing graceful shutdown. Waiting for active requests to complete
2025-05-09T11:09:10.344+05:30  INFO 24504 --- [LeaseManagement] [tomcat-shutdown] o.s.b.w.e.tomcat.GracefulShutdown        : Graceful shutdown complete
2025-05-09T11:09:10.355+05:30  INFO 24504 --- [LeaseManagement] [RMI TCP Connection(25)-127.0.0.1] j.LocalContainerEntityManagerFactoryBean : Closing JPA EntityManagerFactory for persistence unit 'default'
2025-05-09T11:09:10.357+05:30  INFO 24504 --- [LeaseManagement] [RMI TCP Connection(25)-127.0.0.1] com.zaxxer.hikari.HikariDataSource       : HikariPool-1 - Shutdown initiated...
2025-05-09T11:09:10.372+05:30  INFO 24504 --- [LeaseManagement] [RMI TCP Connection(25)-127.0.0.1] com.zaxxer.hikari.HikariDataSource       : HikariPool-1 - Shutdown completed.
2025-05-09T11:09:10.374+05:30  INFO 24504 --- [LeaseManagement] [RMI TCP Connection(25)-127.0.0.1] com.netflix.discovery.DiscoveryClient    : Shutting down DiscoveryClient ...
2025-05-09T11:09:10.511+05:30  INFO 24504 --- [LeaseManagement] [DiscoveryClient-InstanceInfoReplicator-%d] com.netflix.discovery.DiscoveryClient    : DiscoveryClient_LEASEMANAGEMENT/LTIN600038.cts.com:LeaseManagement:8094 - registration status: 204
2025-05-09T11:09:10.512+05:30  INFO 24504 --- [LeaseManagement] [RMI TCP Connection(25)-127.0.0.1] com.netflix.discovery.DiscoveryClient    : Unregistering ...
2025-05-09T11:09:10.539+05:30  INFO 24504 --- [LeaseManagement] [RMI TCP Connection(25)-127.0.0.1] com.netflix.discovery.DiscoveryClient    : DiscoveryClient_LEASEMANAGEMENT/LTIN600038.cts.com:LeaseManagement:8094 - deregister  status: 200
2025-05-09T11:09:10.540+05:30  INFO 24504 --- [LeaseManagement] [RMI TCP Connection(25)-127.0.0.1] com.netflix.discovery.DiscoveryClient    : Completed shut down of DiscoveryClient
2025-05-09T11:09:30.415+05:30  INFO 20676 --- [LeaseManagement] [main] com.cts.LeaseManagementApplication       : Starting LeaseManagementApplication using Java 21.0.6 with PID 20676 (C:\Users\2400736\git\leaserepository\LeaseManagement\target\classes started by 2400736 in C:\Users\2400736\git\leaserepository\LeaseManagement)
2025-05-09T11:09:30.418+05:30  INFO 20676 --- [LeaseManagement] [main] com.cts.LeaseManagementApplication       : No active profile set, falling back to 1 default profile: "default"
2025-05-09T11:09:30.474+05:30  INFO 20676 --- [LeaseManagement] [main] o.s.c.c.c.ConfigServerConfigDataLoader   : Fetching config from server at : http://localhost:8088
2025-05-09T11:09:30.475+05:30  INFO 20676 --- [LeaseManagement] [main] o.s.c.c.c.ConfigServerConfigDataLoader   : Located environment: name=LeaseManagement, profiles=[default], label=null, version=440f1a47c25d3d97a8010bcb05cb619c643494c7, state=
2025-05-09T11:09:31.852+05:30  INFO 20676 --- [LeaseManagement] [main] .s.d.r.c.RepositoryConfigurationDelegate : Bootstrapping Spring Data JPA repositories in DEFAULT mode.
2025-05-09T11:09:32.054+05:30  INFO 20676 --- [LeaseManagement] [main] .s.d.r.c.RepositoryConfigurationDelegate : Finished Spring Data repository scanning in 191 ms. Found 1 JPA repository interface.
2025-05-09T11:09:32.336+05:30  INFO 20676 --- [LeaseManagement] [main] o.s.cloud.context.scope.GenericScope     : BeanFactory id=3d10e4bd-b6bf-3f6e-bbed-388b92e99ac4
2025-05-09T11:09:33.125+05:30  INFO 20676 --- [LeaseManagement] [main] o.s.b.w.embedded.tomcat.TomcatWebServer  : Tomcat initialized with port 8094 (http)
2025-05-09T11:09:33.142+05:30  INFO 20676 --- [LeaseManagement] [main] o.apache.catalina.core.StandardService   : Starting service [Tomcat]
2025-05-09T11:09:33.143+05:30  INFO 20676 --- [LeaseManagement] [main] o.apache.catalina.core.StandardEngine    : Starting Servlet engine: [Apache Tomcat/10.1.40]
2025-05-09T11:09:33.265+05:30  INFO 20676 --- [LeaseManagement] [main] o.a.c.c.C.[Tomcat].[localhost].[/]       : Initializing Spring embedded WebApplicationContext
2025-05-09T11:09:33.265+05:30  INFO 20676 --- [LeaseManagement] [main] w.s.c.ServletWebServerApplicationContext : Root WebApplicationContext: initialization completed in 2788 ms
2025-05-09T11:09:33.939+05:30  INFO 20676 --- [LeaseManagement] [main] o.hibernate.jpa.internal.util.LogHelper  : HHH000204: Processing PersistenceUnitInfo [name: default]
2025-05-09T11:09:34.009+05:30  INFO 20676 --- [LeaseManagement] [main] org.hibernate.Version                    : HHH000412: Hibernate ORM core version 6.6.13.Final
2025-05-09T11:09:34.060+05:30  INFO 20676 --- [LeaseManagement] [main] o.h.c.internal.RegionFactoryInitiator    : HHH000026: Second-level cache disabled
2025-05-09T11:09:34.459+05:30  INFO 20676 --- [LeaseManagement] [main] o.s.o.j.p.SpringPersistenceUnitInfo      : No LoadTimeWeaver setup: ignoring JPA class transformer
2025-05-09T11:09:34.505+05:30  INFO 20676 --- [LeaseManagement] [main] com.zaxxer.hikari.HikariDataSource       : HikariPool-1 - Starting...
2025-05-09T11:09:34.856+05:30  INFO 20676 --- [LeaseManagement] [main] com.zaxxer.hikari.pool.HikariPool        : HikariPool-1 - Added connection com.mysql.cj.jdbc.ConnectionImpl@395115ac
2025-05-09T11:09:34.859+05:30  INFO 20676 --- [LeaseManagement] [main] com.zaxxer.hikari.HikariDataSource       : HikariPool-1 - Start completed.
2025-05-09T11:09:34.909+05:30  WARN 20676 --- [LeaseManagement] [main] org.hibernate.orm.deprecation            : HHH90000025: MySQLDialect does not need to be specified explicitly using 'hibernate.dialect' (remove the property setting and it will be selected by default)
2025-05-09T11:09:34.927+05:30  INFO 20676 --- [LeaseManagement] [main] org.hibernate.orm.connections.pooling    : HHH10001005: Database info:
	Database JDBC URL [Connecting through datasource 'HikariDataSource (HikariPool-1)']
	Database driver: undefined/unknown
	Database version: 8.0.41
	Autocommit mode: undefined/unknown
	Isolation level: undefined/unknown
	Minimum pool size: undefined/unknown
	Maximum pool size: undefined/unknown
2025-05-09T11:09:36.047+05:30  INFO 20676 --- [LeaseManagement] [main] o.h.e.t.j.p.i.JtaPlatformInitiator       : HHH000489: No JTA platform available (set 'hibernate.transaction.jta.platform' to enable JTA platform integration)
2025-05-09T11:09:36.119+05:30  INFO 20676 --- [LeaseManagement] [main] j.LocalContainerEntityManagerFactoryBean : Initialized JPA EntityManagerFactory for persistence unit 'default'
2025-05-09T11:09:36.586+05:30  WARN 20676 --- [LeaseManagement] [main] JpaBaseConfiguration$JpaWebConfiguration : spring.jpa.open-in-view is enabled by default. Therefore, database queries may be performed during view rendering. Explicitly configure spring.jpa.open-in-view to disable this warning
2025-05-09T11:09:36.736+05:30  INFO 20676 --- [LeaseManagement] [main] o.s.c.openfeign.FeignClientFactoryBean   : For 'TENANTMANAGEMENT' URL not provided. Will try picking an instance via load-balancing.
2025-05-09T11:09:36.827+05:30  INFO 20676 --- [LeaseManagement] [main] o.s.c.openfeign.FeignClientFactoryBean   : For 'PROPERTYLISTING' URL not provided. Will try picking an instance via load-balancing.
2025-05-09T11:09:37.808+05:30  INFO 20676 --- [LeaseManagement] [main] DiscoveryClientOptionalArgsConfiguration : Eureka HTTP Client uses RestTemplate.
2025-05-09T11:09:37.853+05:30  WARN 20676 --- [LeaseManagement] [main] iguration$LoadBalancerCaffeineWarnLogger : Spring Cloud LoadBalancer is currently working with the default cache. While this cache implementation is useful for development and tests, it's recommended to use Caffeine cache in production.You can switch to using Caffeine cache, by adding it and org.springframework.cache.caffeine.CaffeineCacheManager to the classpath.
2025-05-09T11:09:37.870+05:30  INFO 20676 --- [LeaseManagement] [main] o.s.b.a.e.web.EndpointLinksResolver      : Exposing 18 endpoints beneath base path '/actuator'
2025-05-09T11:09:37.962+05:30  INFO 20676 --- [LeaseManagement] [main] o.s.c.n.eureka.InstanceInfoFactory       : Setting initial instance status as: STARTING
2025-05-09T11:09:37.989+05:30  INFO 20676 --- [LeaseManagement] [main] com.netflix.discovery.DiscoveryClient    : Initializing Eureka in region us-east-1
2025-05-09T11:09:37.993+05:30  INFO 20676 --- [LeaseManagement] [main] c.n.d.s.r.aws.ConfigClusterResolver      : Resolving eureka endpoints via configuration
2025-05-09T11:09:38.004+05:30  INFO 20676 --- [LeaseManagement] [main] com.netflix.discovery.DiscoveryClient    : Disable delta property : false
2025-05-09T11:09:38.004+05:30  INFO 20676 --- [LeaseManagement] [main] com.netflix.discovery.DiscoveryClient    : Single vip registry refresh property : null
2025-05-09T11:09:38.004+05:30  INFO 20676 --- [LeaseManagement] [main] com.netflix.discovery.DiscoveryClient    : Force full registry fetch : false
2025-05-09T11:09:38.004+05:30  INFO 20676 --- [LeaseManagement] [main] com.netflix.discovery.DiscoveryClient    : Application is null : false
2025-05-09T11:09:38.004+05:30  INFO 20676 --- [LeaseManagement] [main] com.netflix.discovery.DiscoveryClient    : Registered Applications size is zero : true
2025-05-09T11:09:38.004+05:30  INFO 20676 --- [LeaseManagement] [main] com.netflix.discovery.DiscoveryClient    : Application version is -1: true
2025-05-09T11:09:38.004+05:30  INFO 20676 --- [LeaseManagement] [main] com.netflix.discovery.DiscoveryClient    : Getting all instance registry info from the eureka server
2025-05-09T11:09:38.338+05:30  INFO 20676 --- [LeaseManagement] [main] com.netflix.discovery.DiscoveryClient    : The response status is 200
2025-05-09T11:09:38.340+05:30  INFO 20676 --- [LeaseManagement] [main] com.netflix.discovery.DiscoveryClient    : Starting heartbeat executor: renew interval is: 30
2025-05-09T11:09:38.341+05:30  INFO 20676 --- [LeaseManagement] [main] c.n.discovery.InstanceInfoReplicator     : InstanceInfoReplicator onDemand update allowed rate per min is 4
2025-05-09T11:09:38.342+05:30  INFO 20676 --- [LeaseManagement] [main] com.netflix.discovery.DiscoveryClient    : Discovery Client initialized at timestamp 1746769178342 with initial instances count: 1
2025-05-09T11:09:38.348+05:30  INFO 20676 --- [LeaseManagement] [main] o.s.c.n.e.s.EurekaServiceRegistry        : Registering application LEASEMANAGEMENT with eureka with status UP
2025-05-09T11:09:38.349+05:30  INFO 20676 --- [LeaseManagement] [main] com.netflix.discovery.DiscoveryClient    : Saw local status change event StatusChangeEvent [timestamp=1746769178349, current=UP, previous=STARTING]
2025-05-09T11:09:38.352+05:30  INFO 20676 --- [LeaseManagement] [DiscoveryClient-InstanceInfoReplicator-%d] com.netflix.discovery.DiscoveryClient    : DiscoveryClient_LEASEMANAGEMENT/LTIN600038.cts.com:LeaseManagement:8094: registering service...
2025-05-09T11:09:38.385+05:30  INFO 20676 --- [LeaseManagement] [main] o.s.b.w.embedded.tomcat.TomcatWebServer  : Tomcat started on port 8094 (http) with context path '/'
2025-05-09T11:09:38.386+05:30  INFO 20676 --- [LeaseManagement] [main] .s.c.n.e.s.EurekaAutoServiceRegistration : Updating port to 8094
2025-05-09T11:09:38.406+05:30  INFO 20676 --- [LeaseManagement] [main] com.cts.LeaseManagementApplication       : Started LeaseManagementApplication in 18.141 seconds (process running for 19.272)
2025-05-09T11:09:38.406+05:30  INFO 20676 --- [LeaseManagement] [DiscoveryClient-InstanceInfoReplicator-%d] com.netflix.discovery.DiscoveryClient    : DiscoveryClient_LEASEMANAGEMENT/LTIN600038.cts.com:LeaseManagement:8094 - registration status: 204
2025-05-09T11:09:38.704+05:30  INFO 20676 --- [LeaseManagement] [RMI TCP Connection(5)-127.0.0.1] o.a.c.c.C.[Tomcat].[localhost].[/]       : Initializing Spring DispatcherServlet 'dispatcherServlet'
2025-05-09T11:09:38.704+05:30  INFO 20676 --- [LeaseManagement] [RMI TCP Connection(5)-127.0.0.1] o.s.web.servlet.DispatcherServlet        : Initializing Servlet 'dispatcherServlet'
2025-05-09T11:09:38.706+05:30  INFO 20676 --- [LeaseManagement] [RMI TCP Connection(5)-127.0.0.1] o.s.web.servlet.DispatcherServlet        : Completed initialization in 2 ms
2025-05-09T11:14:38.012+05:30  INFO 20676 --- [LeaseManagement] [AsyncResolver-bootstrap-executor-%d] c.n.d.s.r.aws.ConfigClusterResolver      : Resolving eureka endpoints via configuration
2025-05-09T11:23:49.803+05:30  WARN 20676 --- [LeaseManagement] [HikariPool-1 housekeeper] com.zaxxer.hikari.pool.HikariPool        : HikariPool-1 - Thread starvation or clock leap detected (housekeeper delta=8m44s657ms471µs700ns).
2025-05-09T11:27:52.677+05:30  INFO 20676 --- [LeaseManagement] [AsyncResolver-bootstrap-executor-%d] c.n.d.s.r.aws.ConfigClusterResolver      : Resolving eureka endpoints via configuration
2025-05-09T11:32:52.682+05:30  INFO 20676 --- [LeaseManagement] [AsyncResolver-bootstrap-executor-%d] c.n.d.s.r.aws.ConfigClusterResolver      : Resolving eureka endpoints via configuration
2025-05-09T11:37:52.691+05:30  INFO 20676 --- [LeaseManagement] [AsyncResolver-bootstrap-executor-%d] c.n.d.s.r.aws.ConfigClusterResolver      : Resolving eureka endpoints via configuration
