2025-05-09T10:57:08.589+05:30  INFO 33156 --- [TenantManagement] [main] com.cts.TenantManagementApplication      : Starting TenantManagementApplication using Java 21.0.6 with PID 33156 (C:\Users\2400736\git\leaserepository\TenantManagement\target\classes started by 2400736 in C:\Users\2400736\git\leaserepository\TenantManagement)
2025-05-09T10:57:08.600+05:30  INFO 33156 --- [TenantManagement] [main] com.cts.TenantManagementApplication      : No active profile set, falling back to 1 default profile: "default"
2025-05-09T10:57:08.684+05:30  INFO 33156 --- [TenantManagement] [main] o.s.c.c.c.ConfigServerConfigDataLoader   : Fetching config from server at : http://localhost:8088
2025-05-09T10:57:08.685+05:30  INFO 33156 --- [TenantManagement] [main] o.s.c.c.c.ConfigServerConfigDataLoader   : Located environment: name=TenantManagement, profiles=[default], label=null, version=440f1a47c25d3d97a8010bcb05cb619c643494c7, state=
2025-05-09T10:57:10.664+05:30  INFO 33156 --- [TenantManagement] [main] .s.d.r.c.RepositoryConfigurationDelegate : Bootstrapping Spring Data JPA repositories in DEFAULT mode.
2025-05-09T10:57:10.967+05:30  INFO 33156 --- [TenantManagement] [main] .s.d.r.c.RepositoryConfigurationDelegate : Finished Spring Data repository scanning in 287 ms. Found 1 JPA repository interface.
2025-05-09T10:57:11.352+05:30  INFO 33156 --- [TenantManagement] [main] o.s.cloud.context.scope.GenericScope     : BeanFactory id=aac16d4d-3516-3239-b05f-79cdd4014bae
2025-05-09T10:57:13.158+05:30  INFO 33156 --- [TenantManagement] [main] o.s.b.w.embedded.tomcat.TomcatWebServer  : Tomcat initialized with port 8093 (http)
2025-05-09T10:57:13.196+05:30  INFO 33156 --- [TenantManagement] [main] o.apache.catalina.core.StandardService   : Starting service [Tomcat]
2025-05-09T10:57:13.197+05:30  INFO 33156 --- [TenantManagement] [main] o.apache.catalina.core.StandardEngine    : Starting Servlet engine: [Apache Tomcat/10.1.40]
2025-05-09T10:57:13.430+05:30  INFO 33156 --- [TenantManagement] [main] o.a.c.c.C.[Tomcat].[localhost].[/]       : Initializing Spring embedded WebApplicationContext
2025-05-09T10:57:13.431+05:30  INFO 33156 --- [TenantManagement] [main] w.s.c.ServletWebServerApplicationContext : Root WebApplicationContext: initialization completed in 4743 ms
2025-05-09T10:57:14.332+05:30  INFO 33156 --- [TenantManagement] [main] o.hibernate.jpa.internal.util.LogHelper  : HHH000204: Processing PersistenceUnitInfo [name: default]
2025-05-09T10:57:14.505+05:30  INFO 33156 --- [TenantManagement] [main] org.hibernate.Version                    : HHH000412: Hibernate ORM core version 6.6.13.Final
2025-05-09T10:57:14.592+05:30  INFO 33156 --- [TenantManagement] [main] o.h.c.internal.RegionFactoryInitiator    : HHH000026: Second-level cache disabled
2025-05-09T10:57:15.460+05:30  INFO 33156 --- [TenantManagement] [main] o.s.o.j.p.SpringPersistenceUnitInfo      : No LoadTimeWeaver setup: ignoring JPA class transformer
2025-05-09T10:57:15.561+05:30  INFO 33156 --- [TenantManagement] [main] com.zaxxer.hikari.HikariDataSource       : HikariPool-1 - Starting...
2025-05-09T10:57:16.311+05:30  INFO 33156 --- [TenantManagement] [main] com.zaxxer.hikari.pool.HikariPool        : HikariPool-1 - Added connection com.mysql.cj.jdbc.ConnectionImpl@e0f2686
2025-05-09T10:57:16.311+05:30  INFO 33156 --- [TenantManagement] [main] com.zaxxer.hikari.HikariDataSource       : HikariPool-1 - Start completed.
2025-05-09T10:57:16.443+05:30  WARN 33156 --- [TenantManagement] [main] org.hibernate.orm.deprecation            : HHH90000025: MySQLDialect does not need to be specified explicitly using 'hibernate.dialect' (remove the property setting and it will be selected by default)
2025-05-09T10:57:16.480+05:30  INFO 33156 --- [TenantManagement] [main] org.hibernate.orm.connections.pooling    : HHH10001005: Database info:
	Database JDBC URL [Connecting through datasource 'HikariDataSource (HikariPool-1)']
	Database driver: undefined/unknown
	Database version: 8.0.41
	Autocommit mode: undefined/unknown
	Isolation level: undefined/unknown
	Minimum pool size: undefined/unknown
	Maximum pool size: undefined/unknown
2025-05-09T10:57:18.640+05:30  INFO 33156 --- [TenantManagement] [main] o.h.e.t.j.p.i.JtaPlatformInitiator       : HHH000489: No JTA platform available (set 'hibernate.transaction.jta.platform' to enable JTA platform integration)
2025-05-09T10:57:18.768+05:30  INFO 33156 --- [TenantManagement] [main] j.LocalContainerEntityManagerFactoryBean : Initialized JPA EntityManagerFactory for persistence unit 'default'
2025-05-09T10:57:19.535+05:30  WARN 33156 --- [TenantManagement] [main] JpaBaseConfiguration$JpaWebConfiguration : spring.jpa.open-in-view is enabled by default. Therefore, database queries may be performed during view rendering. Explicitly configure spring.jpa.open-in-view to disable this warning
2025-05-09T10:57:22.124+05:30  INFO 33156 --- [TenantManagement] [main] DiscoveryClientOptionalArgsConfiguration : Eureka HTTP Client uses RestTemplate.
2025-05-09T10:57:22.324+05:30  WARN 33156 --- [TenantManagement] [main] iguration$LoadBalancerCaffeineWarnLogger : Spring Cloud LoadBalancer is currently working with the default cache. While this cache implementation is useful for development and tests, it's recommended to use Caffeine cache in production.You can switch to using Caffeine cache, by adding it and org.springframework.cache.caffeine.CaffeineCacheManager to the classpath.
2025-05-09T10:57:22.435+05:30  INFO 33156 --- [TenantManagement] [main] o.s.b.a.e.web.EndpointLinksResolver      : Exposing 18 endpoints beneath base path '/actuator'
2025-05-09T10:57:22.716+05:30  INFO 33156 --- [TenantManagement] [main] o.s.c.n.eureka.InstanceInfoFactory       : Setting initial instance status as: STARTING
2025-05-09T10:57:22.788+05:30  INFO 33156 --- [TenantManagement] [main] com.netflix.discovery.DiscoveryClient    : Initializing Eureka in region us-east-1
2025-05-09T10:57:22.798+05:30  INFO 33156 --- [TenantManagement] [main] c.n.d.s.r.aws.ConfigClusterResolver      : Resolving eureka endpoints via configuration
2025-05-09T10:57:22.828+05:30  INFO 33156 --- [TenantManagement] [main] com.netflix.discovery.DiscoveryClient    : Disable delta property : false
2025-05-09T10:57:22.828+05:30  INFO 33156 --- [TenantManagement] [main] com.netflix.discovery.DiscoveryClient    : Single vip registry refresh property : null
2025-05-09T10:57:22.829+05:30  INFO 33156 --- [TenantManagement] [main] com.netflix.discovery.DiscoveryClient    : Force full registry fetch : false
2025-05-09T10:57:22.829+05:30  INFO 33156 --- [TenantManagement] [main] com.netflix.discovery.DiscoveryClient    : Application is null : false
2025-05-09T10:57:22.829+05:30  INFO 33156 --- [TenantManagement] [main] com.netflix.discovery.DiscoveryClient    : Registered Applications size is zero : true
2025-05-09T10:57:22.829+05:30  INFO 33156 --- [TenantManagement] [main] com.netflix.discovery.DiscoveryClient    : Application version is -1: true
2025-05-09T10:57:22.830+05:30  INFO 33156 --- [TenantManagement] [main] com.netflix.discovery.DiscoveryClient    : Getting all instance registry info from the eureka server
2025-05-09T10:57:23.498+05:30  INFO 33156 --- [TenantManagement] [main] com.netflix.discovery.DiscoveryClient    : The response status is 200
2025-05-09T10:57:23.505+05:30  INFO 33156 --- [TenantManagement] [main] com.netflix.discovery.DiscoveryClient    : Starting heartbeat executor: renew interval is: 30
2025-05-09T10:57:23.514+05:30  INFO 33156 --- [TenantManagement] [main] c.n.discovery.InstanceInfoReplicator     : InstanceInfoReplicator onDemand update allowed rate per min is 4
2025-05-09T10:57:23.517+05:30  INFO 33156 --- [TenantManagement] [main] com.netflix.discovery.DiscoveryClient    : Discovery Client initialized at timestamp 1746768443517 with initial instances count: 3
2025-05-09T10:57:23.529+05:30  INFO 33156 --- [TenantManagement] [main] o.s.c.n.e.s.EurekaServiceRegistry        : Registering application TENANTMANAGEMENT with eureka with status UP
2025-05-09T10:57:23.529+05:30  INFO 33156 --- [TenantManagement] [main] com.netflix.discovery.DiscoveryClient    : Saw local status change event StatusChangeEvent [timestamp=1746768443529, current=UP, previous=STARTING]
2025-05-09T10:57:23.551+05:30  INFO 33156 --- [TenantManagement] [DiscoveryClient-InstanceInfoReplicator-%d] com.netflix.discovery.DiscoveryClient    : DiscoveryClient_TENANTMANAGEMENT/LTIN600038.cts.com:TenantManagement:8093: registering service...
2025-05-09T10:57:23.591+05:30  INFO 33156 --- [TenantManagement] [main] o.s.b.w.embedded.tomcat.TomcatWebServer  : Tomcat started on port 8093 (http) with context path '/'
2025-05-09T10:57:23.598+05:30  INFO 33156 --- [TenantManagement] [main] .s.c.n.e.s.EurekaAutoServiceRegistration : Updating port to 8093
2025-05-09T10:57:23.641+05:30  INFO 33156 --- [TenantManagement] [main] com.cts.TenantManagementApplication      : Started TenantManagementApplication in 17.723 seconds (process running for 19.954)
2025-05-09T10:57:23.752+05:30  INFO 33156 --- [TenantManagement] [DiscoveryClient-InstanceInfoReplicator-%d] com.netflix.discovery.DiscoveryClient    : DiscoveryClient_TENANTMANAGEMENT/LTIN600038.cts.com:TenantManagement:8093 - registration status: 204
2025-05-09T10:57:24.233+05:30  INFO 33156 --- [TenantManagement] [RMI TCP Connection(7)-127.0.0.1] o.a.c.c.C.[Tomcat].[localhost].[/]       : Initializing Spring DispatcherServlet 'dispatcherServlet'
2025-05-09T10:57:24.234+05:30  INFO 33156 --- [TenantManagement] [RMI TCP Connection(7)-127.0.0.1] o.s.web.servlet.DispatcherServlet        : Initializing Servlet 'dispatcherServlet'
2025-05-09T10:57:24.239+05:30  INFO 33156 --- [TenantManagement] [RMI TCP Connection(7)-127.0.0.1] o.s.web.servlet.DispatcherServlet        : Completed initialization in 5 ms
2025-05-09T11:02:22.857+05:30  INFO 33156 --- [TenantManagement] [AsyncResolver-bootstrap-executor-%d] c.n.d.s.r.aws.ConfigClusterResolver      : Resolving eureka endpoints via configuration
2025-05-09T11:07:22.870+05:30  INFO 33156 --- [TenantManagement] [AsyncResolver-bootstrap-executor-%d] c.n.d.s.r.aws.ConfigClusterResolver      : Resolving eureka endpoints via configuration
2025-05-09T11:09:10.183+05:30  INFO 33156 --- [TenantManagement] [RMI TCP Connection(21)-127.0.0.1] inMXBeanRegistrar$SpringApplicationAdmin : Application shutdown requested.
2025-05-09T11:09:10.184+05:30  INFO 33156 --- [TenantManagement] [RMI TCP Connection(21)-127.0.0.1] o.s.c.n.e.s.EurekaServiceRegistry        : Unregistering application TENANTMANAGEMENT with eureka with status DOWN
2025-05-09T11:09:10.184+05:30  INFO 33156 --- [TenantManagement] [RMI TCP Connection(21)-127.0.0.1] com.netflix.discovery.DiscoveryClient    : Saw local status change event StatusChangeEvent [timestamp=1746769150184, current=DOWN, previous=UP]
2025-05-09T11:09:10.187+05:30  INFO 33156 --- [TenantManagement] [RMI TCP Connection(21)-127.0.0.1] o.s.b.w.e.tomcat.GracefulShutdown        : Commencing graceful shutdown. Waiting for active requests to complete
2025-05-09T11:09:10.196+05:30  INFO 33156 --- [TenantManagement] [DiscoveryClient-InstanceInfoReplicator-%d] com.netflix.discovery.DiscoveryClient    : DiscoveryClient_TENANTMANAGEMENT/LTIN600038.cts.com:TenantManagement:8093: registering service...
2025-05-09T11:09:10.204+05:30  INFO 33156 --- [TenantManagement] [tomcat-shutdown] o.s.b.w.e.tomcat.GracefulShutdown        : Graceful shutdown complete
2025-05-09T11:09:10.265+05:30  INFO 33156 --- [TenantManagement] [RMI TCP Connection(21)-127.0.0.1] j.LocalContainerEntityManagerFactoryBean : Closing JPA EntityManagerFactory for persistence unit 'default'
2025-05-09T11:09:10.292+05:30  INFO 33156 --- [TenantManagement] [RMI TCP Connection(21)-127.0.0.1] com.zaxxer.hikari.HikariDataSource       : HikariPool-1 - Shutdown initiated...
2025-05-09T11:09:10.323+05:30  INFO 33156 --- [TenantManagement] [RMI TCP Connection(21)-127.0.0.1] com.zaxxer.hikari.HikariDataSource       : HikariPool-1 - Shutdown completed.
2025-05-09T11:09:10.324+05:30  INFO 33156 --- [TenantManagement] [RMI TCP Connection(21)-127.0.0.1] com.netflix.discovery.DiscoveryClient    : Shutting down DiscoveryClient ...
2025-05-09T11:09:10.511+05:30  INFO 33156 --- [TenantManagement] [DiscoveryClient-InstanceInfoReplicator-%d] com.netflix.discovery.DiscoveryClient    : DiscoveryClient_TENANTMANAGEMENT/LTIN600038.cts.com:TenantManagement:8093 - registration status: 204
2025-05-09T11:09:10.513+05:30  INFO 33156 --- [TenantManagement] [RMI TCP Connection(21)-127.0.0.1] com.netflix.discovery.DiscoveryClient    : Unregistering ...
2025-05-09T11:09:10.540+05:30  INFO 33156 --- [TenantManagement] [RMI TCP Connection(21)-127.0.0.1] com.netflix.discovery.DiscoveryClient    : DiscoveryClient_TENANTMANAGEMENT/LTIN600038.cts.com:TenantManagement:8093 - deregister  status: 200
2025-05-09T11:09:10.541+05:30  INFO 33156 --- [TenantManagement] [RMI TCP Connection(21)-127.0.0.1] com.netflix.discovery.DiscoveryClient    : Completed shut down of DiscoveryClient
2025-05-09T11:09:29.685+05:30  INFO 21604 --- [TenantManagement] [main] com.cts.TenantManagementApplication      : Starting TenantManagementApplication using Java 21.0.6 with PID 21604 (C:\Users\2400736\git\leaserepository\TenantManagement\target\classes started by 2400736 in C:\Users\2400736\git\leaserepository\TenantManagement)
2025-05-09T11:09:29.688+05:30  INFO 21604 --- [TenantManagement] [main] com.cts.TenantManagementApplication      : No active profile set, falling back to 1 default profile: "default"
2025-05-09T11:09:29.736+05:30  INFO 21604 --- [TenantManagement] [main] o.s.c.c.c.ConfigServerConfigDataLoader   : Fetching config from server at : http://localhost:8088
2025-05-09T11:09:29.737+05:30  INFO 21604 --- [TenantManagement] [main] o.s.c.c.c.ConfigServerConfigDataLoader   : Located environment: name=TenantManagement, profiles=[default], label=null, version=440f1a47c25d3d97a8010bcb05cb619c643494c7, state=
2025-05-09T11:09:30.909+05:30  INFO 21604 --- [TenantManagement] [main] .s.d.r.c.RepositoryConfigurationDelegate : Bootstrapping Spring Data JPA repositories in DEFAULT mode.
2025-05-09T11:09:31.153+05:30  INFO 21604 --- [TenantManagement] [main] .s.d.r.c.RepositoryConfigurationDelegate : Finished Spring Data repository scanning in 232 ms. Found 1 JPA repository interface.
2025-05-09T11:09:31.427+05:30  INFO 21604 --- [TenantManagement] [main] o.s.cloud.context.scope.GenericScope     : BeanFactory id=aac16d4d-3516-3239-b05f-79cdd4014bae
2025-05-09T11:09:32.300+05:30  INFO 21604 --- [TenantManagement] [main] o.s.b.w.embedded.tomcat.TomcatWebServer  : Tomcat initialized with port 8093 (http)
2025-05-09T11:09:32.316+05:30  INFO 21604 --- [TenantManagement] [main] o.apache.catalina.core.StandardService   : Starting service [Tomcat]
2025-05-09T11:09:32.316+05:30  INFO 21604 --- [TenantManagement] [main] o.apache.catalina.core.StandardEngine    : Starting Servlet engine: [Apache Tomcat/10.1.40]
2025-05-09T11:09:32.414+05:30  INFO 21604 --- [TenantManagement] [main] o.a.c.c.C.[Tomcat].[localhost].[/]       : Initializing Spring embedded WebApplicationContext
2025-05-09T11:09:32.415+05:30  INFO 21604 --- [TenantManagement] [main] w.s.c.ServletWebServerApplicationContext : Root WebApplicationContext: initialization completed in 2675 ms
2025-05-09T11:09:32.944+05:30  INFO 21604 --- [TenantManagement] [main] o.hibernate.jpa.internal.util.LogHelper  : HHH000204: Processing PersistenceUnitInfo [name: default]
2025-05-09T11:09:33.026+05:30  INFO 21604 --- [TenantManagement] [main] org.hibernate.Version                    : HHH000412: Hibernate ORM core version 6.6.13.Final
2025-05-09T11:09:33.070+05:30  INFO 21604 --- [TenantManagement] [main] o.h.c.internal.RegionFactoryInitiator    : HHH000026: Second-level cache disabled
2025-05-09T11:09:33.497+05:30  INFO 21604 --- [TenantManagement] [main] o.s.o.j.p.SpringPersistenceUnitInfo      : No LoadTimeWeaver setup: ignoring JPA class transformer
2025-05-09T11:09:33.551+05:30  INFO 21604 --- [TenantManagement] [main] com.zaxxer.hikari.HikariDataSource       : HikariPool-1 - Starting...
2025-05-09T11:09:33.958+05:30  INFO 21604 --- [TenantManagement] [main] com.zaxxer.hikari.pool.HikariPool        : HikariPool-1 - Added connection com.mysql.cj.jdbc.ConnectionImpl@530bd77b
2025-05-09T11:09:33.961+05:30  INFO 21604 --- [TenantManagement] [main] com.zaxxer.hikari.HikariDataSource       : HikariPool-1 - Start completed.
2025-05-09T11:09:34.020+05:30  WARN 21604 --- [TenantManagement] [main] org.hibernate.orm.deprecation            : HHH90000025: MySQLDialect does not need to be specified explicitly using 'hibernate.dialect' (remove the property setting and it will be selected by default)
2025-05-09T11:09:34.042+05:30  INFO 21604 --- [TenantManagement] [main] org.hibernate.orm.connections.pooling    : HHH10001005: Database info:
	Database JDBC URL [Connecting through datasource 'HikariDataSource (HikariPool-1)']
	Database driver: undefined/unknown
	Database version: 8.0.41
	Autocommit mode: undefined/unknown
	Isolation level: undefined/unknown
	Minimum pool size: undefined/unknown
	Maximum pool size: undefined/unknown
2025-05-09T11:09:35.135+05:30  INFO 21604 --- [TenantManagement] [main] o.h.e.t.j.p.i.JtaPlatformInitiator       : HHH000489: No JTA platform available (set 'hibernate.transaction.jta.platform' to enable JTA platform integration)
2025-05-09T11:09:35.218+05:30  INFO 21604 --- [TenantManagement] [main] j.LocalContainerEntityManagerFactoryBean : Initialized JPA EntityManagerFactory for persistence unit 'default'
2025-05-09T11:09:35.601+05:30  WARN 21604 --- [TenantManagement] [main] JpaBaseConfiguration$JpaWebConfiguration : spring.jpa.open-in-view is enabled by default. Therefore, database queries may be performed during view rendering. Explicitly configure spring.jpa.open-in-view to disable this warning
2025-05-09T11:09:36.957+05:30  INFO 21604 --- [TenantManagement] [main] DiscoveryClientOptionalArgsConfiguration : Eureka HTTP Client uses RestTemplate.
2025-05-09T11:09:37.031+05:30  WARN 21604 --- [TenantManagement] [main] iguration$LoadBalancerCaffeineWarnLogger : Spring Cloud LoadBalancer is currently working with the default cache. While this cache implementation is useful for development and tests, it's recommended to use Caffeine cache in production.You can switch to using Caffeine cache, by adding it and org.springframework.cache.caffeine.CaffeineCacheManager to the classpath.
2025-05-09T11:09:37.091+05:30  INFO 21604 --- [TenantManagement] [main] o.s.b.a.e.web.EndpointLinksResolver      : Exposing 18 endpoints beneath base path '/actuator'
2025-05-09T11:09:37.219+05:30  INFO 21604 --- [TenantManagement] [main] o.s.c.n.eureka.InstanceInfoFactory       : Setting initial instance status as: STARTING
2025-05-09T11:09:37.254+05:30  INFO 21604 --- [TenantManagement] [main] com.netflix.discovery.DiscoveryClient    : Initializing Eureka in region us-east-1
2025-05-09T11:09:37.258+05:30  INFO 21604 --- [TenantManagement] [main] c.n.d.s.r.aws.ConfigClusterResolver      : Resolving eureka endpoints via configuration
2025-05-09T11:09:37.265+05:30  INFO 21604 --- [TenantManagement] [main] com.netflix.discovery.DiscoveryClient    : Disable delta property : false
2025-05-09T11:09:37.266+05:30  INFO 21604 --- [TenantManagement] [main] com.netflix.discovery.DiscoveryClient    : Single vip registry refresh property : null
2025-05-09T11:09:37.266+05:30  INFO 21604 --- [TenantManagement] [main] com.netflix.discovery.DiscoveryClient    : Force full registry fetch : false
2025-05-09T11:09:37.266+05:30  INFO 21604 --- [TenantManagement] [main] com.netflix.discovery.DiscoveryClient    : Application is null : false
2025-05-09T11:09:37.266+05:30  INFO 21604 --- [TenantManagement] [main] com.netflix.discovery.DiscoveryClient    : Registered Applications size is zero : true
2025-05-09T11:09:37.266+05:30  INFO 21604 --- [TenantManagement] [main] com.netflix.discovery.DiscoveryClient    : Application version is -1: true
2025-05-09T11:09:37.266+05:30  INFO 21604 --- [TenantManagement] [main] com.netflix.discovery.DiscoveryClient    : Getting all instance registry info from the eureka server
2025-05-09T11:09:37.530+05:30  INFO 21604 --- [TenantManagement] [main] com.netflix.discovery.DiscoveryClient    : The response status is 200
2025-05-09T11:09:37.532+05:30  INFO 21604 --- [TenantManagement] [main] com.netflix.discovery.DiscoveryClient    : Starting heartbeat executor: renew interval is: 30
2025-05-09T11:09:37.534+05:30  INFO 21604 --- [TenantManagement] [main] c.n.discovery.InstanceInfoReplicator     : InstanceInfoReplicator onDemand update allowed rate per min is 4
2025-05-09T11:09:37.535+05:30  INFO 21604 --- [TenantManagement] [main] com.netflix.discovery.DiscoveryClient    : Discovery Client initialized at timestamp 1746769177534 with initial instances count: 1
2025-05-09T11:09:37.539+05:30  INFO 21604 --- [TenantManagement] [main] o.s.c.n.e.s.EurekaServiceRegistry        : Registering application TENANTMANAGEMENT with eureka with status UP
2025-05-09T11:09:37.540+05:30  INFO 21604 --- [TenantManagement] [main] com.netflix.discovery.DiscoveryClient    : Saw local status change event StatusChangeEvent [timestamp=1746769177540, current=UP, previous=STARTING]
2025-05-09T11:09:37.543+05:30  INFO 21604 --- [TenantManagement] [DiscoveryClient-InstanceInfoReplicator-%d] com.netflix.discovery.DiscoveryClient    : DiscoveryClient_TENANTMANAGEMENT/LTIN600038.cts.com:TenantManagement:8093: registering service...
2025-05-09T11:09:37.565+05:30  INFO 21604 --- [TenantManagement] [main] o.s.b.w.embedded.tomcat.TomcatWebServer  : Tomcat started on port 8093 (http) with context path '/'
2025-05-09T11:09:37.566+05:30  INFO 21604 --- [TenantManagement] [main] .s.c.n.e.s.EurekaAutoServiceRegistration : Updating port to 8093
2025-05-09T11:09:37.582+05:30  INFO 21604 --- [TenantManagement] [main] com.cts.TenantManagementApplication      : Started TenantManagementApplication in 16.649 seconds (process running for 17.942)
2025-05-09T11:09:37.589+05:30  INFO 21604 --- [TenantManagement] [DiscoveryClient-InstanceInfoReplicator-%d] com.netflix.discovery.DiscoveryClient    : DiscoveryClient_TENANTMANAGEMENT/LTIN600038.cts.com:TenantManagement:8093 - registration status: 204
2025-05-09T11:09:38.236+05:30  INFO 21604 --- [TenantManagement] [RMI TCP Connection(10)-127.0.0.1] o.a.c.c.C.[Tomcat].[localhost].[/]       : Initializing Spring DispatcherServlet 'dispatcherServlet'
2025-05-09T11:09:38.236+05:30  INFO 21604 --- [TenantManagement] [RMI TCP Connection(10)-127.0.0.1] o.s.web.servlet.DispatcherServlet        : Initializing Servlet 'dispatcherServlet'
2025-05-09T11:09:38.238+05:30  INFO 21604 --- [TenantManagement] [RMI TCP Connection(10)-127.0.0.1] o.s.web.servlet.DispatcherServlet        : Completed initialization in 1 ms
2025-05-09T11:14:37.371+05:30  INFO 21604 --- [TenantManagement] [AsyncResolver-bootstrap-executor-%d] c.n.d.s.r.aws.ConfigClusterResolver      : Resolving eureka endpoints via configuration
2025-05-09T11:23:48.822+05:30  WARN 21604 --- [TenantManagement] [HikariPool-1 housekeeper] com.zaxxer.hikari.pool.HikariPool        : HikariPool-1 - Thread starvation or clock leap detected (housekeeper delta=8m44s659ms66µs600ns).
2025-05-09T11:27:52.040+05:30  INFO 21604 --- [TenantManagement] [AsyncResolver-bootstrap-executor-%d] c.n.d.s.r.aws.ConfigClusterResolver      : Resolving eureka endpoints via configuration
2025-05-09T11:32:52.048+05:30  INFO 21604 --- [TenantManagement] [AsyncResolver-bootstrap-executor-%d] c.n.d.s.r.aws.ConfigClusterResolver      : Resolving eureka endpoints via configuration
2025-05-09T11:37:52.054+05:30  INFO 21604 --- [TenantManagement] [AsyncResolver-bootstrap-executor-%d] c.n.d.s.r.aws.ConfigClusterResolver      : Resolving eureka endpoints via configuration
