2025-05-09T10:57:09.720+05:30  INFO 18464 --- [RequestManagement] [restartedMain] com.cts.RequestManagementApplication     : Starting RequestManagementApplication using Java 21.0.6 with PID 18464 (C:\Users\2400736\OneDrive - Cognizant\Desktop\STS\RequestManagement\target\classes started by 2400736 in C:\Users\2400736\OneDrive - Cognizant\Desktop\STS\RequestManagement)
2025-05-09T10:57:09.723+05:30  INFO 18464 --- [RequestManagement] [restartedMain] com.cts.RequestManagementApplication     : No active profile set, falling back to 1 default profile: "default"
2025-05-09T10:57:09.800+05:30  INFO 18464 --- [RequestManagement] [restartedMain] o.s.c.c.c.ConfigServerConfigDataLoader   : Fetching config from server at : http://localhost:8088
2025-05-09T10:57:09.801+05:30  INFO 18464 --- [RequestManagement] [restartedMain] o.s.c.c.c.ConfigServerConfigDataLoader   : Located environment: name=RequestManagement, profiles=[default], label=null, version=440f1a47c25d3d97a8010bcb05cb619c643494c7, state=
2025-05-09T10:57:09.803+05:30  INFO 18464 --- [RequestManagement] [restartedMain] .e.DevToolsPropertyDefaultsPostProcessor : Devtools property defaults active! Set 'spring.devtools.add-properties' to 'false' to disable
2025-05-09T10:57:09.804+05:30  INFO 18464 --- [RequestManagement] [restartedMain] .e.DevToolsPropertyDefaultsPostProcessor : For additional web related logging consider setting the 'logging.level.web' property to 'DEBUG'
2025-05-09T10:57:11.511+05:30  INFO 18464 --- [RequestManagement] [restartedMain] .s.d.r.c.RepositoryConfigurationDelegate : Bootstrapping Spring Data JPA repositories in DEFAULT mode.
2025-05-09T10:57:11.861+05:30  INFO 18464 --- [RequestManagement] [restartedMain] .s.d.r.c.RepositoryConfigurationDelegate : Finished Spring Data repository scanning in 328 ms. Found 1 JPA repository interface.
2025-05-09T10:57:12.324+05:30  INFO 18464 --- [RequestManagement] [restartedMain] o.s.cloud.context.scope.GenericScope     : BeanFactory id=8c702f55-2dcf-3c5d-93ff-7c1c79cd095f
2025-05-09T10:57:13.543+05:30  INFO 18464 --- [RequestManagement] [restartedMain] o.s.b.w.embedded.tomcat.TomcatWebServer  : Tomcat initialized with port 9095 (http)
2025-05-09T10:57:13.567+05:30  INFO 18464 --- [RequestManagement] [restartedMain] o.apache.catalina.core.StandardService   : Starting service [Tomcat]
2025-05-09T10:57:13.567+05:30  INFO 18464 --- [RequestManagement] [restartedMain] o.apache.catalina.core.StandardEngine    : Starting Servlet engine: [Apache Tomcat/10.1.40]
2025-05-09T10:57:13.733+05:30  INFO 18464 --- [RequestManagement] [restartedMain] o.a.c.c.C.[Tomcat].[localhost].[/]       : Initializing Spring embedded WebApplicationContext
2025-05-09T10:57:13.733+05:30  INFO 18464 --- [RequestManagement] [restartedMain] w.s.c.ServletWebServerApplicationContext : Root WebApplicationContext: initialization completed in 3928 ms
2025-05-09T10:57:22.228+05:30  INFO 18464 --- [RequestManagement] [restartedMain] o.hibernate.jpa.internal.util.LogHelper  : HHH000204: Processing PersistenceUnitInfo [name: default]
2025-05-09T10:57:22.390+05:30  INFO 18464 --- [RequestManagement] [restartedMain] org.hibernate.Version                    : HHH000412: Hibernate ORM core version 6.6.13.Final
2025-05-09T10:57:22.514+05:30  INFO 18464 --- [RequestManagement] [restartedMain] o.h.c.internal.RegionFactoryInitiator    : HHH000026: Second-level cache disabled
2025-05-09T10:57:23.428+05:30  INFO 18464 --- [RequestManagement] [restartedMain] o.s.o.j.p.SpringPersistenceUnitInfo      : No LoadTimeWeaver setup: ignoring JPA class transformer
2025-05-09T10:57:23.522+05:30  INFO 18464 --- [RequestManagement] [restartedMain] com.zaxxer.hikari.HikariDataSource       : HikariPool-1 - Starting...
2025-05-09T10:57:25.191+05:30  INFO 18464 --- [RequestManagement] [restartedMain] com.zaxxer.hikari.pool.HikariPool        : HikariPool-1 - Added connection com.mysql.cj.jdbc.ConnectionImpl@223673a6
2025-05-09T10:57:25.207+05:30  INFO 18464 --- [RequestManagement] [restartedMain] com.zaxxer.hikari.HikariDataSource       : HikariPool-1 - Start completed.
2025-05-09T10:57:25.331+05:30  WARN 18464 --- [RequestManagement] [restartedMain] org.hibernate.orm.deprecation            : HHH90000025: MySQLDialect does not need to be specified explicitly using 'hibernate.dialect' (remove the property setting and it will be selected by default)
2025-05-09T10:57:25.369+05:30  INFO 18464 --- [RequestManagement] [restartedMain] org.hibernate.orm.connections.pooling    : HHH10001005: Database info:
	Database JDBC URL [Connecting through datasource 'HikariDataSource (HikariPool-1)']
	Database driver: undefined/unknown
	Database version: 8.0.41
	Autocommit mode: undefined/unknown
	Isolation level: undefined/unknown
	Minimum pool size: undefined/unknown
	Maximum pool size: undefined/unknown
2025-05-09T10:57:27.789+05:30  INFO 18464 --- [RequestManagement] [restartedMain] o.h.e.t.j.p.i.JtaPlatformInitiator       : HHH000489: No JTA platform available (set 'hibernate.transaction.jta.platform' to enable JTA platform integration)
2025-05-09T10:57:27.932+05:30  INFO 18464 --- [RequestManagement] [restartedMain] j.LocalContainerEntityManagerFactoryBean : Initialized JPA EntityManagerFactory for persistence unit 'default'
2025-05-09T10:57:28.660+05:30  WARN 18464 --- [RequestManagement] [restartedMain] JpaBaseConfiguration$JpaWebConfiguration : spring.jpa.open-in-view is enabled by default. Therefore, database queries may be performed during view rendering. Explicitly configure spring.jpa.open-in-view to disable this warning
2025-05-09T10:57:29.833+05:30  WARN 18464 --- [RequestManagement] [restartedMain] o.s.b.d.a.OptionalLiveReloadServer       : Unable to start LiveReload server
2025-05-09T10:57:29.974+05:30  INFO 18464 --- [RequestManagement] [restartedMain] DiscoveryClientOptionalArgsConfiguration : Eureka HTTP Client uses RestTemplate.
2025-05-09T10:57:30.069+05:30  WARN 18464 --- [RequestManagement] [restartedMain] iguration$LoadBalancerCaffeineWarnLogger : Spring Cloud LoadBalancer is currently working with the default cache. While this cache implementation is useful for development and tests, it's recommended to use Caffeine cache in production.You can switch to using Caffeine cache, by adding it and org.springframework.cache.caffeine.CaffeineCacheManager to the classpath.
2025-05-09T10:57:30.194+05:30  INFO 18464 --- [RequestManagement] [restartedMain] o.s.c.n.eureka.InstanceInfoFactory       : Setting initial instance status as: STARTING
2025-05-09T10:57:30.266+05:30  INFO 18464 --- [RequestManagement] [restartedMain] com.netflix.discovery.DiscoveryClient    : Initializing Eureka in region us-east-1
2025-05-09T10:57:30.277+05:30  INFO 18464 --- [RequestManagement] [restartedMain] c.n.d.s.r.aws.ConfigClusterResolver      : Resolving eureka endpoints via configuration
2025-05-09T10:57:30.300+05:30  INFO 18464 --- [RequestManagement] [restartedMain] com.netflix.discovery.DiscoveryClient    : Disable delta property : false
2025-05-09T10:57:30.300+05:30  INFO 18464 --- [RequestManagement] [restartedMain] com.netflix.discovery.DiscoveryClient    : Single vip registry refresh property : null
2025-05-09T10:57:30.300+05:30  INFO 18464 --- [RequestManagement] [restartedMain] com.netflix.discovery.DiscoveryClient    : Force full registry fetch : false
2025-05-09T10:57:30.300+05:30  INFO 18464 --- [RequestManagement] [restartedMain] com.netflix.discovery.DiscoveryClient    : Application is null : false
2025-05-09T10:57:30.302+05:30  INFO 18464 --- [RequestManagement] [restartedMain] com.netflix.discovery.DiscoveryClient    : Registered Applications size is zero : true
2025-05-09T10:57:30.302+05:30  INFO 18464 --- [RequestManagement] [restartedMain] com.netflix.discovery.DiscoveryClient    : Application version is -1: true
2025-05-09T10:57:30.303+05:30  INFO 18464 --- [RequestManagement] [restartedMain] com.netflix.discovery.DiscoveryClient    : Getting all instance registry info from the eureka server
2025-05-09T10:57:30.909+05:30  INFO 18464 --- [RequestManagement] [restartedMain] com.netflix.discovery.DiscoveryClient    : The response status is 200
2025-05-09T10:57:30.925+05:30  INFO 18464 --- [RequestManagement] [restartedMain] com.netflix.discovery.DiscoveryClient    : Starting heartbeat executor: renew interval is: 30
2025-05-09T10:57:30.925+05:30  INFO 18464 --- [RequestManagement] [restartedMain] c.n.discovery.InstanceInfoReplicator     : InstanceInfoReplicator onDemand update allowed rate per min is 4
2025-05-09T10:57:30.925+05:30  INFO 18464 --- [RequestManagement] [restartedMain] com.netflix.discovery.DiscoveryClient    : Discovery Client initialized at timestamp 1746768450925 with initial instances count: 5
2025-05-09T10:57:30.940+05:30  INFO 18464 --- [RequestManagement] [restartedMain] o.s.c.n.e.s.EurekaServiceRegistry        : Registering application REQUESTMANAGEMENT with eureka with status UP
2025-05-09T10:57:30.940+05:30  INFO 18464 --- [RequestManagement] [restartedMain] com.netflix.discovery.DiscoveryClient    : Saw local status change event StatusChangeEvent [timestamp=1746768450940, current=UP, previous=STARTING]
2025-05-09T10:57:30.940+05:30  INFO 18464 --- [RequestManagement] [DiscoveryClient-InstanceInfoReplicator-%d] com.netflix.discovery.DiscoveryClient    : DiscoveryClient_REQUESTMANAGEMENT/LTIN600038.cts.com:RequestManagement:9095: registering service...
2025-05-09T10:57:30.972+05:30  INFO 18464 --- [RequestManagement] [restartedMain] o.s.b.w.embedded.tomcat.TomcatWebServer  : Tomcat started on port 9095 (http) with context path '/'
2025-05-09T10:57:30.972+05:30  INFO 18464 --- [RequestManagement] [restartedMain] .s.c.n.e.s.EurekaAutoServiceRegistration : Updating port to 9095
2025-05-09T10:57:31.003+05:30  INFO 18464 --- [RequestManagement] [restartedMain] com.cts.RequestManagementApplication     : Started RequestManagementApplication in 23.864 seconds (process running for 26.354)
2025-05-09T10:57:31.035+05:30  INFO 18464 --- [RequestManagement] [DiscoveryClient-InstanceInfoReplicator-%d] com.netflix.discovery.DiscoveryClient    : DiscoveryClient_REQUESTMANAGEMENT/LTIN600038.cts.com:RequestManagement:9095 - registration status: 204
2025-05-09T11:02:14.374+05:30  INFO 18464 --- [RequestManagement] [http-nio-9095-exec-2] o.a.c.c.C.[Tomcat].[localhost].[/]       : Initializing Spring DispatcherServlet 'dispatcherServlet'
2025-05-09T11:02:14.375+05:30  INFO 18464 --- [RequestManagement] [http-nio-9095-exec-2] o.s.web.servlet.DispatcherServlet        : Initializing Servlet 'dispatcherServlet'
2025-05-09T11:02:14.378+05:30  INFO 18464 --- [RequestManagement] [http-nio-9095-exec-2] o.s.web.servlet.DispatcherServlet        : Completed initialization in 2 ms
2025-05-09T11:02:30.316+05:30  INFO 18464 --- [RequestManagement] [AsyncResolver-bootstrap-executor-%d] c.n.d.s.r.aws.ConfigClusterResolver      : Resolving eureka endpoints via configuration
2025-05-09T11:07:30.333+05:30  INFO 18464 --- [RequestManagement] [AsyncResolver-bootstrap-executor-%d] c.n.d.s.r.aws.ConfigClusterResolver      : Resolving eureka endpoints via configuration
2025-05-09T11:09:02.472+05:30  INFO 18464 --- [RequestManagement] [DiscoveryClient-CacheRefreshExecutor-%d] c.n.d.s.t.d.RedirectingEurekaHttpClient  : Request execution error. endpoint=DefaultEndpoint{ serviceUrl='http://localhost:8761/eureka/} exception=I/O error on GET request for "http://localhost:8761/eureka/apps/delta": Connect to http://localhost:8761 [localhost/127.0.0.1, localhost/0:0:0:0:0:0:0:1] failed: Connection refused: getsockopt stacktrace=org.springframework.web.client.ResourceAccessException: I/O error on GET request for "http://localhost:8761/eureka/apps/delta": Connect to http://localhost:8761 [localhost/127.0.0.1, localhost/0:0:0:0:0:0:0:1] failed: Connection refused: getsockopt
	at org.springframework.web.client.RestTemplate.createResourceAccessException(RestTemplate.java:926)
	at org.springframework.web.client.RestTemplate.doExecute(RestTemplate.java:906)
	at org.springframework.web.client.RestTemplate.execute(RestTemplate.java:841)
	at org.springframework.web.client.RestTemplate.exchange(RestTemplate.java:702)
	at org.springframework.cloud.netflix.eureka.http.RestTemplateEurekaHttpClient.getApplicationsInternal(RestTemplateEurekaHttpClient.java:174)
	at org.springframework.cloud.netflix.eureka.http.RestTemplateEurekaHttpClient.getDelta(RestTemplateEurekaHttpClient.java:186)
	at com.netflix.discovery.shared.transport.decorator.EurekaHttpClientDecorator$7.execute(EurekaHttpClientDecorator.java:152)
	at com.netflix.discovery.shared.transport.decorator.RedirectingEurekaHttpClient.execute(RedirectingEurekaHttpClient.java:91)
	at com.netflix.discovery.shared.transport.decorator.EurekaHttpClientDecorator.getDelta(EurekaHttpClientDecorator.java:149)
	at com.netflix.discovery.shared.transport.decorator.EurekaHttpClientDecorator$7.execute(EurekaHttpClientDecorator.java:152)
	at com.netflix.discovery.shared.transport.decorator.RetryableEurekaHttpClient.execute(RetryableEurekaHttpClient.java:120)
	at com.netflix.discovery.shared.transport.decorator.EurekaHttpClientDecorator.getDelta(EurekaHttpClientDecorator.java:149)
	at com.netflix.discovery.shared.transport.decorator.EurekaHttpClientDecorator$7.execute(EurekaHttpClientDecorator.java:152)
	at com.netflix.discovery.shared.transport.decorator.SessionedEurekaHttpClient.execute(SessionedEurekaHttpClient.java:76)
	at com.netflix.discovery.shared.transport.decorator.EurekaHttpClientDecorator.getDelta(EurekaHttpClientDecorator.java:149)
	at com.netflix.discovery.DiscoveryClient.getAndUpdateDelta(DiscoveryClient.java:1080)
	at com.netflix.discovery.DiscoveryClient.fetchRegistry(DiscoveryClient.java:963)
	at com.netflix.discovery.DiscoveryClient.refreshRegistry(DiscoveryClient.java:1473)
	at com.netflix.discovery.DiscoveryClient$CacheRefreshThread.run(DiscoveryClient.java:1441)
	at java.base/java.util.concurrent.Executors$RunnableAdapter.call(Executors.java:572)
	at java.base/java.util.concurrent.FutureTask.run(FutureTask.java:317)
	at java.base/java.util.concurrent.ThreadPoolExecutor.runWorker(ThreadPoolExecutor.java:1144)
	at java.base/java.util.concurrent.ThreadPoolExecutor$Worker.run(ThreadPoolExecutor.java:642)
	at java.base/java.lang.Thread.run(Thread.java:1583)
Caused by: org.apache.hc.client5.http.HttpHostConnectException: Connect to http://localhost:8761 [localhost/127.0.0.1, localhost/0:0:0:0:0:0:0:1] failed: Connection refused: getsockopt
	at java.base/sun.nio.ch.Net.pollConnect(Native Method)
	at java.base/sun.nio.ch.Net.pollConnectNow(Net.java:682)
	at java.base/sun.nio.ch.NioSocketImpl.timedFinishConnect(NioSocketImpl.java:542)
	at java.base/sun.nio.ch.NioSocketImpl.connect(NioSocketImpl.java:592)
	at java.base/java.net.SocksSocketImpl.connect(SocksSocketImpl.java:327)
	at java.base/java.net.Socket.connect(Socket.java:751)
	at org.apache.hc.client5.http.impl.io.DefaultHttpClientConnectionOperator.connect(DefaultHttpClientConnectionOperator.java:216)
	at org.apache.hc.client5.http.impl.io.PoolingHttpClientConnectionManager.connect(PoolingHttpClientConnectionManager.java:490)
	at org.apache.hc.client5.http.impl.classic.InternalExecRuntime.connectEndpoint(InternalExecRuntime.java:164)
	at org.apache.hc.client5.http.impl.classic.InternalExecRuntime.connectEndpoint(InternalExecRuntime.java:174)
	at org.apache.hc.client5.http.impl.classic.ConnectExec.execute(ConnectExec.java:144)
	at org.apache.hc.client5.http.impl.classic.ExecChainElement.execute(ExecChainElement.java:51)
	at org.apache.hc.client5.http.impl.classic.ProtocolExec.execute(ProtocolExec.java:192)
	at org.apache.hc.client5.http.impl.classic.ExecChainElement.execute(ExecChainElement.java:51)
	at org.apache.hc.client5.http.impl.classic.ContentCompressionExec.execute(ContentCompressionExec.java:150)
	at org.apache.hc.client5.http.impl.classic.ExecChainElement.execute(ExecChainElement.java:51)
	at org.apache.hc.client5.http.impl.classic.HttpRequestRetryExec.execute(HttpRequestRetryExec.java:113)
	at org.apache.hc.client5.http.impl.classic.ExecChainElement.execute(ExecChainElement.java:51)
	at org.apache.hc.client5.http.impl.classic.RedirectExec.execute(RedirectExec.java:110)
	at org.apache.hc.client5.http.impl.classic.ExecChainElement.execute(ExecChainElement.java:51)
	at org.apache.hc.client5.http.impl.classic.InternalHttpClient.doExecute(InternalHttpClient.java:183)
	at org.apache.hc.client5.http.impl.classic.CloseableHttpClient.execute(CloseableHttpClient.java:87)
	at org.apache.hc.client5.http.impl.classic.CloseableHttpClient.execute(CloseableHttpClient.java:55)
	at org.apache.hc.client5.http.classic.HttpClient.executeOpen(HttpClient.java:183)
	at org.springframework.http.client.HttpComponentsClientHttpRequest.executeInternal(HttpComponentsClientHttpRequest.java:99)
	at org.springframework.http.client.AbstractStreamingClientHttpRequest.executeInternal(AbstractStreamingClientHttpRequest.java:71)
	at org.springframework.http.client.AbstractClientHttpRequest.execute(AbstractClientHttpRequest.java:81)
	at org.springframework.http.client.InterceptingClientHttpRequest$InterceptingRequestExecution.execute(InterceptingClientHttpRequest.java:117)
	at org.springframework.cloud.netflix.eureka.http.RestTemplateTransportClientFactory.lambda$restTemplate$2(RestTemplateTransportClientFactory.java:145)
	at org.springframework.http.client.InterceptingClientHttpRequest$InterceptingRequestExecution.execute(InterceptingClientHttpRequest.java:88)
	at org.springframework.http.client.InterceptingClientHttpRequest.executeInternal(InterceptingClientHttpRequest.java:72)
	at org.springframework.http.client.AbstractBufferingClientHttpRequest.executeInternal(AbstractBufferingClientHttpRequest.java:48)
	at org.springframework.http.client.AbstractClientHttpRequest.execute(AbstractClientHttpRequest.java:81)
	at org.springframework.web.client.RestTemplate.doExecute(RestTemplate.java:900)
	... 22 more

2025-05-09T11:09:02.472+05:30  INFO 18464 --- [RequestManagement] [DiscoveryClient-HeartbeatExecutor-%d] c.n.d.s.t.d.RedirectingEurekaHttpClient  : Request execution error. endpoint=DefaultEndpoint{ serviceUrl='http://localhost:8761/eureka/} exception=I/O error on PUT request for "http://localhost:8761/eureka/apps/REQUESTMANAGEMENT/LTIN600038.cts.com:RequestManagement:9095": Connect to http://localhost:8761 [localhost/127.0.0.1, localhost/0:0:0:0:0:0:0:1] failed: Connection refused: getsockopt stacktrace=org.springframework.web.client.ResourceAccessException: I/O error on PUT request for "http://localhost:8761/eureka/apps/REQUESTMANAGEMENT/LTIN600038.cts.com:RequestManagement:9095": Connect to http://localhost:8761 [localhost/127.0.0.1, localhost/0:0:0:0:0:0:0:1] failed: Connection refused: getsockopt
	at org.springframework.web.client.RestTemplate.createResourceAccessException(RestTemplate.java:926)
	at org.springframework.web.client.RestTemplate.doExecute(RestTemplate.java:906)
	at org.springframework.web.client.RestTemplate.execute(RestTemplate.java:841)
	at org.springframework.web.client.RestTemplate.exchange(RestTemplate.java:702)
	at org.springframework.cloud.netflix.eureka.http.RestTemplateEurekaHttpClient.sendHeartBeat(RestTemplateEurekaHttpClient.java:119)
	at com.netflix.discovery.shared.transport.decorator.EurekaHttpClientDecorator$3.execute(EurekaHttpClientDecorator.java:92)
	at com.netflix.discovery.shared.transport.decorator.RedirectingEurekaHttpClient.execute(RedirectingEurekaHttpClient.java:91)
	at com.netflix.discovery.shared.transport.decorator.EurekaHttpClientDecorator.sendHeartBeat(EurekaHttpClientDecorator.java:89)
	at com.netflix.discovery.shared.transport.decorator.EurekaHttpClientDecorator$3.execute(EurekaHttpClientDecorator.java:92)
	at com.netflix.discovery.shared.transport.decorator.RetryableEurekaHttpClient.execute(RetryableEurekaHttpClient.java:120)
	at com.netflix.discovery.shared.transport.decorator.EurekaHttpClientDecorator.sendHeartBeat(EurekaHttpClientDecorator.java:89)
	at com.netflix.discovery.shared.transport.decorator.EurekaHttpClientDecorator$3.execute(EurekaHttpClientDecorator.java:92)
	at com.netflix.discovery.shared.transport.decorator.SessionedEurekaHttpClient.execute(SessionedEurekaHttpClient.java:76)
	at com.netflix.discovery.shared.transport.decorator.EurekaHttpClientDecorator.sendHeartBeat(EurekaHttpClientDecorator.java:89)
	at com.netflix.discovery.DiscoveryClient.renew(DiscoveryClient.java:845)
	at com.netflix.discovery.DiscoveryClient$HeartbeatThread.run(DiscoveryClient.java:1402)
	at java.base/java.util.concurrent.Executors$RunnableAdapter.call(Executors.java:572)
	at java.base/java.util.concurrent.FutureTask.run(FutureTask.java:317)
	at java.base/java.util.concurrent.ThreadPoolExecutor.runWorker(ThreadPoolExecutor.java:1144)
	at java.base/java.util.concurrent.ThreadPoolExecutor$Worker.run(ThreadPoolExecutor.java:642)
	at java.base/java.lang.Thread.run(Thread.java:1583)
Caused by: org.apache.hc.client5.http.HttpHostConnectException: Connect to http://localhost:8761 [localhost/127.0.0.1, localhost/0:0:0:0:0:0:0:1] failed: Connection refused: getsockopt
	at java.base/sun.nio.ch.Net.pollConnect(Native Method)
	at java.base/sun.nio.ch.Net.pollConnectNow(Net.java:682)
	at java.base/sun.nio.ch.NioSocketImpl.timedFinishConnect(NioSocketImpl.java:542)
	at java.base/sun.nio.ch.NioSocketImpl.connect(NioSocketImpl.java:592)
	at java.base/java.net.SocksSocketImpl.connect(SocksSocketImpl.java:327)
	at java.base/java.net.Socket.connect(Socket.java:751)
	at org.apache.hc.client5.http.impl.io.DefaultHttpClientConnectionOperator.connect(DefaultHttpClientConnectionOperator.java:216)
	at org.apache.hc.client5.http.impl.io.PoolingHttpClientConnectionManager.connect(PoolingHttpClientConnectionManager.java:490)
	at org.apache.hc.client5.http.impl.classic.InternalExecRuntime.connectEndpoint(InternalExecRuntime.java:164)
	at org.apache.hc.client5.http.impl.classic.InternalExecRuntime.connectEndpoint(InternalExecRuntime.java:174)
	at org.apache.hc.client5.http.impl.classic.ConnectExec.execute(ConnectExec.java:144)
	at org.apache.hc.client5.http.impl.classic.ExecChainElement.execute(ExecChainElement.java:51)
	at org.apache.hc.client5.http.impl.classic.ProtocolExec.execute(ProtocolExec.java:192)
	at org.apache.hc.client5.http.impl.classic.ExecChainElement.execute(ExecChainElement.java:51)
	at org.apache.hc.client5.http.impl.classic.ContentCompressionExec.execute(ContentCompressionExec.java:150)
	at org.apache.hc.client5.http.impl.classic.ExecChainElement.execute(ExecChainElement.java:51)
	at org.apache.hc.client5.http.impl.classic.HttpRequestRetryExec.execute(HttpRequestRetryExec.java:113)
	at org.apache.hc.client5.http.impl.classic.ExecChainElement.execute(ExecChainElement.java:51)
	at org.apache.hc.client5.http.impl.classic.RedirectExec.execute(RedirectExec.java:110)
	at org.apache.hc.client5.http.impl.classic.ExecChainElement.execute(ExecChainElement.java:51)
	at org.apache.hc.client5.http.impl.classic.InternalHttpClient.doExecute(InternalHttpClient.java:183)
	at org.apache.hc.client5.http.impl.classic.CloseableHttpClient.execute(CloseableHttpClient.java:87)
	at org.apache.hc.client5.http.impl.classic.CloseableHttpClient.execute(CloseableHttpClient.java:55)
	at org.apache.hc.client5.http.classic.HttpClient.executeOpen(HttpClient.java:183)
	at org.springframework.http.client.HttpComponentsClientHttpRequest.executeInternal(HttpComponentsClientHttpRequest.java:99)
	at org.springframework.http.client.AbstractStreamingClientHttpRequest.executeInternal(AbstractStreamingClientHttpRequest.java:71)
	at org.springframework.http.client.AbstractClientHttpRequest.execute(AbstractClientHttpRequest.java:81)
	at org.springframework.http.client.InterceptingClientHttpRequest$InterceptingRequestExecution.execute(InterceptingClientHttpRequest.java:117)
	at org.springframework.cloud.netflix.eureka.http.RestTemplateTransportClientFactory.lambda$restTemplate$2(RestTemplateTransportClientFactory.java:145)
	at org.springframework.http.client.InterceptingClientHttpRequest$InterceptingRequestExecution.execute(InterceptingClientHttpRequest.java:88)
	at org.springframework.http.client.InterceptingClientHttpRequest.executeInternal(InterceptingClientHttpRequest.java:72)
	at org.springframework.http.client.AbstractBufferingClientHttpRequest.executeInternal(AbstractBufferingClientHttpRequest.java:48)
	at org.springframework.http.client.AbstractClientHttpRequest.execute(AbstractClientHttpRequest.java:81)
	at org.springframework.web.client.RestTemplate.doExecute(RestTemplate.java:900)
	... 19 more

2025-05-09T11:09:02.473+05:30  WARN 18464 --- [RequestManagement] [DiscoveryClient-CacheRefreshExecutor-%d] c.n.d.s.t.d.RetryableEurekaHttpClient    : Request execution failed with message: I/O error on GET request for "http://localhost:8761/eureka/apps/delta": Connect to http://localhost:8761 [localhost/127.0.0.1, localhost/0:0:0:0:0:0:0:1] failed: Connection refused: getsockopt
2025-05-09T11:09:02.473+05:30  WARN 18464 --- [RequestManagement] [DiscoveryClient-HeartbeatExecutor-%d] c.n.d.s.t.d.RetryableEurekaHttpClient    : Request execution failed with message: I/O error on PUT request for "http://localhost:8761/eureka/apps/REQUESTMANAGEMENT/LTIN600038.cts.com:RequestManagement:9095": Connect to http://localhost:8761 [localhost/127.0.0.1, localhost/0:0:0:0:0:0:0:1] failed: Connection refused: getsockopt
2025-05-09T11:09:02.493+05:30  INFO 18464 --- [RequestManagement] [DiscoveryClient-HeartbeatExecutor-%d] c.n.d.s.t.d.RedirectingEurekaHttpClient  : Request execution error. endpoint=DefaultEndpoint{ serviceUrl='http://localhost:8761/eureka/}, exception=I/O error on PUT request for "http://localhost:8761/eureka/apps/REQUESTMANAGEMENT/LTIN600038.cts.com:RequestManagement:9095": Connect to http://localhost:8761 [localhost/127.0.0.1, localhost/0:0:0:0:0:0:0:1] failed: Connection refused: getsockopt stacktrace=org.springframework.web.client.ResourceAccessException: I/O error on PUT request for "http://localhost:8761/eureka/apps/REQUESTMANAGEMENT/LTIN600038.cts.com:RequestManagement:9095": Connect to http://localhost:8761 [localhost/127.0.0.1, localhost/0:0:0:0:0:0:0:1] failed: Connection refused: getsockopt
	at org.springframework.web.client.RestTemplate.createResourceAccessException(RestTemplate.java:926)
	at org.springframework.web.client.RestTemplate.doExecute(RestTemplate.java:906)
	at org.springframework.web.client.RestTemplate.execute(RestTemplate.java:841)
	at org.springframework.web.client.RestTemplate.exchange(RestTemplate.java:702)
	at org.springframework.cloud.netflix.eureka.http.RestTemplateEurekaHttpClient.sendHeartBeat(RestTemplateEurekaHttpClient.java:119)
	at com.netflix.discovery.shared.transport.decorator.EurekaHttpClientDecorator$3.execute(EurekaHttpClientDecorator.java:92)
	at com.netflix.discovery.shared.transport.decorator.RedirectingEurekaHttpClient.executeOnNewServer(RedirectingEurekaHttpClient.java:121)
	at com.netflix.discovery.shared.transport.decorator.RedirectingEurekaHttpClient.execute(RedirectingEurekaHttpClient.java:80)
	at com.netflix.discovery.shared.transport.decorator.EurekaHttpClientDecorator.sendHeartBeat(EurekaHttpClientDecorator.java:89)
	at com.netflix.discovery.shared.transport.decorator.EurekaHttpClientDecorator$3.execute(EurekaHttpClientDecorator.java:92)
	at com.netflix.discovery.shared.transport.decorator.RetryableEurekaHttpClient.execute(RetryableEurekaHttpClient.java:120)
	at com.netflix.discovery.shared.transport.decorator.EurekaHttpClientDecorator.sendHeartBeat(EurekaHttpClientDecorator.java:89)
	at com.netflix.discovery.shared.transport.decorator.EurekaHttpClientDecorator$3.execute(EurekaHttpClientDecorator.java:92)
	at com.netflix.discovery.shared.transport.decorator.SessionedEurekaHttpClient.execute(SessionedEurekaHttpClient.java:76)
	at com.netflix.discovery.shared.transport.decorator.EurekaHttpClientDecorator.sendHeartBeat(EurekaHttpClientDecorator.java:89)
	at com.netflix.discovery.DiscoveryClient.renew(DiscoveryClient.java:845)
	at com.netflix.discovery.DiscoveryClient$HeartbeatThread.run(DiscoveryClient.java:1402)
	at java.base/java.util.concurrent.Executors$RunnableAdapter.call(Executors.java:572)
	at java.base/java.util.concurrent.FutureTask.run(FutureTask.java:317)
	at java.base/java.util.concurrent.ThreadPoolExecutor.runWorker(ThreadPoolExecutor.java:1144)
	at java.base/java.util.concurrent.ThreadPoolExecutor$Worker.run(ThreadPoolExecutor.java:642)
	at java.base/java.lang.Thread.run(Thread.java:1583)
Caused by: org.apache.hc.client5.http.HttpHostConnectException: Connect to http://localhost:8761 [localhost/127.0.0.1, localhost/0:0:0:0:0:0:0:1] failed: Connection refused: getsockopt
	at java.base/sun.nio.ch.Net.pollConnect(Native Method)
	at java.base/sun.nio.ch.Net.pollConnectNow(Net.java:682)
	at java.base/sun.nio.ch.NioSocketImpl.timedFinishConnect(NioSocketImpl.java:542)
	at java.base/sun.nio.ch.NioSocketImpl.connect(NioSocketImpl.java:592)
	at java.base/java.net.SocksSocketImpl.connect(SocksSocketImpl.java:327)
	at java.base/java.net.Socket.connect(Socket.java:751)
	at org.apache.hc.client5.http.impl.io.DefaultHttpClientConnectionOperator.connect(DefaultHttpClientConnectionOperator.java:216)
	at org.apache.hc.client5.http.impl.io.PoolingHttpClientConnectionManager.connect(PoolingHttpClientConnectionManager.java:490)
	at org.apache.hc.client5.http.impl.classic.InternalExecRuntime.connectEndpoint(InternalExecRuntime.java:164)
	at org.apache.hc.client5.http.impl.classic.InternalExecRuntime.connectEndpoint(InternalExecRuntime.java:174)
	at org.apache.hc.client5.http.impl.classic.ConnectExec.execute(ConnectExec.java:144)
	at org.apache.hc.client5.http.impl.classic.ExecChainElement.execute(ExecChainElement.java:51)
	at org.apache.hc.client5.http.impl.classic.ProtocolExec.execute(ProtocolExec.java:192)
	at org.apache.hc.client5.http.impl.classic.ExecChainElement.execute(ExecChainElement.java:51)
	at org.apache.hc.client5.http.impl.classic.ContentCompressionExec.execute(ContentCompressionExec.java:150)
	at org.apache.hc.client5.http.impl.classic.ExecChainElement.execute(ExecChainElement.java:51)
	at org.apache.hc.client5.http.impl.classic.HttpRequestRetryExec.execute(HttpRequestRetryExec.java:113)
	at org.apache.hc.client5.http.impl.classic.ExecChainElement.execute(ExecChainElement.java:51)
	at org.apache.hc.client5.http.impl.classic.RedirectExec.execute(RedirectExec.java:110)
	at org.apache.hc.client5.http.impl.classic.ExecChainElement.execute(ExecChainElement.java:51)
	at org.apache.hc.client5.http.impl.classic.InternalHttpClient.doExecute(InternalHttpClient.java:183)
	at org.apache.hc.client5.http.impl.classic.CloseableHttpClient.execute(CloseableHttpClient.java:87)
	at org.apache.hc.client5.http.impl.classic.CloseableHttpClient.execute(CloseableHttpClient.java:55)
	at org.apache.hc.client5.http.classic.HttpClient.executeOpen(HttpClient.java:183)
	at org.springframework.http.client.HttpComponentsClientHttpRequest.executeInternal(HttpComponentsClientHttpRequest.java:99)
	at org.springframework.http.client.AbstractStreamingClientHttpRequest.executeInternal(AbstractStreamingClientHttpRequest.java:71)
	at org.springframework.http.client.AbstractClientHttpRequest.execute(AbstractClientHttpRequest.java:81)
	at org.springframework.http.client.InterceptingClientHttpRequest$InterceptingRequestExecution.execute(InterceptingClientHttpRequest.java:117)
	at org.springframework.cloud.netflix.eureka.http.RestTemplateTransportClientFactory.lambda$restTemplate$2(RestTemplateTransportClientFactory.java:145)
	at org.springframework.http.client.InterceptingClientHttpRequest$InterceptingRequestExecution.execute(InterceptingClientHttpRequest.java:88)
	at org.springframework.http.client.InterceptingClientHttpRequest.executeInternal(InterceptingClientHttpRequest.java:72)
	at org.springframework.http.client.AbstractBufferingClientHttpRequest.executeInternal(AbstractBufferingClientHttpRequest.java:48)
	at org.springframework.http.client.AbstractClientHttpRequest.execute(AbstractClientHttpRequest.java:81)
	at org.springframework.web.client.RestTemplate.doExecute(RestTemplate.java:900)
	... 20 more

2025-05-09T11:09:02.493+05:30  WARN 18464 --- [RequestManagement] [DiscoveryClient-HeartbeatExecutor-%d] c.n.d.s.t.d.RetryableEurekaHttpClient    : Request execution failed with message: I/O error on PUT request for "http://localhost:8761/eureka/apps/REQUESTMANAGEMENT/LTIN600038.cts.com:RequestManagement:9095": Connect to http://localhost:8761 [localhost/127.0.0.1, localhost/0:0:0:0:0:0:0:1] failed: Connection refused: getsockopt
2025-05-09T11:09:02.494+05:30 ERROR 18464 --- [RequestManagement] [DiscoveryClient-HeartbeatExecutor-%d] com.netflix.discovery.DiscoveryClient    : DiscoveryClient_REQUESTMANAGEMENT/LTIN600038.cts.com:RequestManagement:9095 - was unable to send heartbeat!

com.netflix.discovery.shared.transport.TransportException: Cannot execute request on any known server
	at com.netflix.discovery.shared.transport.decorator.RetryableEurekaHttpClient.execute(RetryableEurekaHttpClient.java:112) ~[eureka-client-2.0.4.jar:2.0.4]
	at com.netflix.discovery.shared.transport.decorator.EurekaHttpClientDecorator.sendHeartBeat(EurekaHttpClientDecorator.java:89) ~[eureka-client-2.0.4.jar:2.0.4]
	at com.netflix.discovery.shared.transport.decorator.EurekaHttpClientDecorator$3.execute(EurekaHttpClientDecorator.java:92) ~[eureka-client-2.0.4.jar:2.0.4]
	at com.netflix.discovery.shared.transport.decorator.SessionedEurekaHttpClient.execute(SessionedEurekaHttpClient.java:76) ~[eureka-client-2.0.4.jar:2.0.4]
	at com.netflix.discovery.shared.transport.decorator.EurekaHttpClientDecorator.sendHeartBeat(EurekaHttpClientDecorator.java:89) ~[eureka-client-2.0.4.jar:2.0.4]
	at com.netflix.discovery.DiscoveryClient.renew(DiscoveryClient.java:845) ~[eureka-client-2.0.4.jar:2.0.4]
	at com.netflix.discovery.DiscoveryClient$HeartbeatThread.run(DiscoveryClient.java:1402) ~[eureka-client-2.0.4.jar:2.0.4]
	at java.base/java.util.concurrent.Executors$RunnableAdapter.call(Executors.java:572) ~[na:na]
	at java.base/java.util.concurrent.FutureTask.run(FutureTask.java:317) ~[na:na]
	at java.base/java.util.concurrent.ThreadPoolExecutor.runWorker(ThreadPoolExecutor.java:1144) ~[na:na]
	at java.base/java.util.concurrent.ThreadPoolExecutor$Worker.run(ThreadPoolExecutor.java:642) ~[na:na]
	at java.base/java.lang.Thread.run(Thread.java:1583) ~[na:na]

2025-05-09T11:09:02.529+05:30  INFO 18464 --- [RequestManagement] [DiscoveryClient-CacheRefreshExecutor-%d] c.n.d.s.t.d.RedirectingEurekaHttpClient  : Request execution error. endpoint=DefaultEndpoint{ serviceUrl='http://localhost:8761/eureka/}, exception=I/O error on GET request for "http://localhost:8761/eureka/apps/delta": Connect to http://localhost:8761 [localhost/127.0.0.1, localhost/0:0:0:0:0:0:0:1] failed: Connection refused: getsockopt stacktrace=org.springframework.web.client.ResourceAccessException: I/O error on GET request for "http://localhost:8761/eureka/apps/delta": Connect to http://localhost:8761 [localhost/127.0.0.1, localhost/0:0:0:0:0:0:0:1] failed: Connection refused: getsockopt
	at org.springframework.web.client.RestTemplate.createResourceAccessException(RestTemplate.java:926)
	at org.springframework.web.client.RestTemplate.doExecute(RestTemplate.java:906)
	at org.springframework.web.client.RestTemplate.execute(RestTemplate.java:841)
	at org.springframework.web.client.RestTemplate.exchange(RestTemplate.java:702)
	at org.springframework.cloud.netflix.eureka.http.RestTemplateEurekaHttpClient.getApplicationsInternal(RestTemplateEurekaHttpClient.java:174)
	at org.springframework.cloud.netflix.eureka.http.RestTemplateEurekaHttpClient.getDelta(RestTemplateEurekaHttpClient.java:186)
	at com.netflix.discovery.shared.transport.decorator.EurekaHttpClientDecorator$7.execute(EurekaHttpClientDecorator.java:152)
	at com.netflix.discovery.shared.transport.decorator.RedirectingEurekaHttpClient.executeOnNewServer(RedirectingEurekaHttpClient.java:121)
	at com.netflix.discovery.shared.transport.decorator.RedirectingEurekaHttpClient.execute(RedirectingEurekaHttpClient.java:80)
	at com.netflix.discovery.shared.transport.decorator.EurekaHttpClientDecorator.getDelta(EurekaHttpClientDecorator.java:149)
	at com.netflix.discovery.shared.transport.decorator.EurekaHttpClientDecorator$7.execute(EurekaHttpClientDecorator.java:152)
	at com.netflix.discovery.shared.transport.decorator.RetryableEurekaHttpClient.execute(RetryableEurekaHttpClient.java:120)
	at com.netflix.discovery.shared.transport.decorator.EurekaHttpClientDecorator.getDelta(EurekaHttpClientDecorator.java:149)
	at com.netflix.discovery.shared.transport.decorator.EurekaHttpClientDecorator$7.execute(EurekaHttpClientDecorator.java:152)
	at com.netflix.discovery.shared.transport.decorator.SessionedEurekaHttpClient.execute(SessionedEurekaHttpClient.java:76)
	at com.netflix.discovery.shared.transport.decorator.EurekaHttpClientDecorator.getDelta(EurekaHttpClientDecorator.java:149)
	at com.netflix.discovery.DiscoveryClient.getAndUpdateDelta(DiscoveryClient.java:1080)
	at com.netflix.discovery.DiscoveryClient.fetchRegistry(DiscoveryClient.java:963)
	at com.netflix.discovery.DiscoveryClient.refreshRegistry(DiscoveryClient.java:1473)
	at com.netflix.discovery.DiscoveryClient$CacheRefreshThread.run(DiscoveryClient.java:1441)
	at java.base/java.util.concurrent.Executors$RunnableAdapter.call(Executors.java:572)
	at java.base/java.util.concurrent.FutureTask.run(FutureTask.java:317)
	at java.base/java.util.concurrent.ThreadPoolExecutor.runWorker(ThreadPoolExecutor.java:1144)
	at java.base/java.util.concurrent.ThreadPoolExecutor$Worker.run(ThreadPoolExecutor.java:642)
	at java.base/java.lang.Thread.run(Thread.java:1583)
Caused by: org.apache.hc.client5.http.HttpHostConnectException: Connect to http://localhost:8761 [localhost/127.0.0.1, localhost/0:0:0:0:0:0:0:1] failed: Connection refused: getsockopt
	at java.base/sun.nio.ch.Net.pollConnect(Native Method)
	at java.base/sun.nio.ch.Net.pollConnectNow(Net.java:682)
	at java.base/sun.nio.ch.NioSocketImpl.timedFinishConnect(NioSocketImpl.java:542)
	at java.base/sun.nio.ch.NioSocketImpl.connect(NioSocketImpl.java:592)
	at java.base/java.net.SocksSocketImpl.connect(SocksSocketImpl.java:327)
	at java.base/java.net.Socket.connect(Socket.java:751)
	at org.apache.hc.client5.http.impl.io.DefaultHttpClientConnectionOperator.connect(DefaultHttpClientConnectionOperator.java:216)
	at org.apache.hc.client5.http.impl.io.PoolingHttpClientConnectionManager.connect(PoolingHttpClientConnectionManager.java:490)
	at org.apache.hc.client5.http.impl.classic.InternalExecRuntime.connectEndpoint(InternalExecRuntime.java:164)
	at org.apache.hc.client5.http.impl.classic.InternalExecRuntime.connectEndpoint(InternalExecRuntime.java:174)
	at org.apache.hc.client5.http.impl.classic.ConnectExec.execute(ConnectExec.java:144)
	at org.apache.hc.client5.http.impl.classic.ExecChainElement.execute(ExecChainElement.java:51)
	at org.apache.hc.client5.http.impl.classic.ProtocolExec.execute(ProtocolExec.java:192)
	at org.apache.hc.client5.http.impl.classic.ExecChainElement.execute(ExecChainElement.java:51)
	at org.apache.hc.client5.http.impl.classic.ContentCompressionExec.execute(ContentCompressionExec.java:150)
	at org.apache.hc.client5.http.impl.classic.ExecChainElement.execute(ExecChainElement.java:51)
	at org.apache.hc.client5.http.impl.classic.HttpRequestRetryExec.execute(HttpRequestRetryExec.java:113)
	at org.apache.hc.client5.http.impl.classic.ExecChainElement.execute(ExecChainElement.java:51)
	at org.apache.hc.client5.http.impl.classic.RedirectExec.execute(RedirectExec.java:110)
	at org.apache.hc.client5.http.impl.classic.ExecChainElement.execute(ExecChainElement.java:51)
	at org.apache.hc.client5.http.impl.classic.InternalHttpClient.doExecute(InternalHttpClient.java:183)
	at org.apache.hc.client5.http.impl.classic.CloseableHttpClient.execute(CloseableHttpClient.java:87)
	at org.apache.hc.client5.http.impl.classic.CloseableHttpClient.execute(CloseableHttpClient.java:55)
	at org.apache.hc.client5.http.classic.HttpClient.executeOpen(HttpClient.java:183)
	at org.springframework.http.client.HttpComponentsClientHttpRequest.executeInternal(HttpComponentsClientHttpRequest.java:99)
	at org.springframework.http.client.AbstractStreamingClientHttpRequest.executeInternal(AbstractStreamingClientHttpRequest.java:71)
	at org.springframework.http.client.AbstractClientHttpRequest.execute(AbstractClientHttpRequest.java:81)
	at org.springframework.http.client.InterceptingClientHttpRequest$InterceptingRequestExecution.execute(InterceptingClientHttpRequest.java:117)
	at org.springframework.cloud.netflix.eureka.http.RestTemplateTransportClientFactory.lambda$restTemplate$2(RestTemplateTransportClientFactory.java:145)
	at org.springframework.http.client.InterceptingClientHttpRequest$InterceptingRequestExecution.execute(InterceptingClientHttpRequest.java:88)
	at org.springframework.http.client.InterceptingClientHttpRequest.executeInternal(InterceptingClientHttpRequest.java:72)
	at org.springframework.http.client.AbstractBufferingClientHttpRequest.executeInternal(AbstractBufferingClientHttpRequest.java:48)
	at org.springframework.http.client.AbstractClientHttpRequest.execute(AbstractClientHttpRequest.java:81)
	at org.springframework.web.client.RestTemplate.doExecute(RestTemplate.java:900)
	... 23 more

2025-05-09T11:09:02.530+05:30  WARN 18464 --- [RequestManagement] [DiscoveryClient-CacheRefreshExecutor-%d] c.n.d.s.t.d.RetryableEurekaHttpClient    : Request execution failed with message: I/O error on GET request for "http://localhost:8761/eureka/apps/delta": Connect to http://localhost:8761 [localhost/127.0.0.1, localhost/0:0:0:0:0:0:0:1] failed: Connection refused: getsockopt
2025-05-09T11:09:02.530+05:30  INFO 18464 --- [RequestManagement] [DiscoveryClient-CacheRefreshExecutor-%d] com.netflix.discovery.DiscoveryClient    : DiscoveryClient_REQUESTMANAGEMENT/LTIN600038.cts.com:RequestManagement:9095 - was unable to refresh its cache! This periodic background refresh will be retried in 30 seconds. status = Cannot execute request on any known server stacktrace = com.netflix.discovery.shared.transport.TransportException: Cannot execute request on any known server
	at com.netflix.discovery.shared.transport.decorator.RetryableEurekaHttpClient.execute(RetryableEurekaHttpClient.java:112)
	at com.netflix.discovery.shared.transport.decorator.EurekaHttpClientDecorator.getDelta(EurekaHttpClientDecorator.java:149)
	at com.netflix.discovery.shared.transport.decorator.EurekaHttpClientDecorator$7.execute(EurekaHttpClientDecorator.java:152)
	at com.netflix.discovery.shared.transport.decorator.SessionedEurekaHttpClient.execute(SessionedEurekaHttpClient.java:76)
	at com.netflix.discovery.shared.transport.decorator.EurekaHttpClientDecorator.getDelta(EurekaHttpClientDecorator.java:149)
	at com.netflix.discovery.DiscoveryClient.getAndUpdateDelta(DiscoveryClient.java:1080)
	at com.netflix.discovery.DiscoveryClient.fetchRegistry(DiscoveryClient.java:963)
	at com.netflix.discovery.DiscoveryClient.refreshRegistry(DiscoveryClient.java:1473)
	at com.netflix.discovery.DiscoveryClient$CacheRefreshThread.run(DiscoveryClient.java:1441)
	at java.base/java.util.concurrent.Executors$RunnableAdapter.call(Executors.java:572)
	at java.base/java.util.concurrent.FutureTask.run(FutureTask.java:317)
	at java.base/java.util.concurrent.ThreadPoolExecutor.runWorker(ThreadPoolExecutor.java:1144)
	at java.base/java.util.concurrent.ThreadPoolExecutor$Worker.run(ThreadPoolExecutor.java:642)
	at java.base/java.lang.Thread.run(Thread.java:1583)

2025-05-09T11:09:10.214+05:30  INFO 18464 --- [RequestManagement] [RMI TCP Connection(17)-127.0.0.1] inMXBeanRegistrar$SpringApplicationAdmin : Application shutdown requested.
2025-05-09T11:09:10.215+05:30  INFO 18464 --- [RequestManagement] [RMI TCP Connection(17)-127.0.0.1] o.s.c.n.e.s.EurekaServiceRegistry        : Unregistering application REQUESTMANAGEMENT with eureka with status DOWN
2025-05-09T11:09:10.215+05:30  INFO 18464 --- [RequestManagement] [RMI TCP Connection(17)-127.0.0.1] com.netflix.discovery.DiscoveryClient    : Saw local status change event StatusChangeEvent [timestamp=1746769150215, current=DOWN, previous=UP]
2025-05-09T11:09:10.217+05:30  INFO 18464 --- [RequestManagement] [RMI TCP Connection(17)-127.0.0.1] o.s.b.w.e.tomcat.GracefulShutdown        : Commencing graceful shutdown. Waiting for active requests to complete
2025-05-09T11:09:10.228+05:30  INFO 18464 --- [RequestManagement] [DiscoveryClient-InstanceInfoReplicator-%d] com.netflix.discovery.DiscoveryClient    : DiscoveryClient_REQUESTMANAGEMENT/LTIN600038.cts.com:RequestManagement:9095: registering service...
2025-05-09T11:09:10.259+05:30  INFO 18464 --- [RequestManagement] [tomcat-shutdown] o.s.b.w.e.tomcat.GracefulShutdown        : Graceful shutdown complete
2025-05-09T11:09:10.278+05:30  INFO 18464 --- [RequestManagement] [RMI TCP Connection(17)-127.0.0.1] j.LocalContainerEntityManagerFactoryBean : Closing JPA EntityManagerFactory for persistence unit 'default'
2025-05-09T11:09:10.289+05:30  INFO 18464 --- [RequestManagement] [RMI TCP Connection(17)-127.0.0.1] com.zaxxer.hikari.HikariDataSource       : HikariPool-1 - Shutdown initiated...
2025-05-09T11:09:10.308+05:30  INFO 18464 --- [RequestManagement] [RMI TCP Connection(17)-127.0.0.1] com.zaxxer.hikari.HikariDataSource       : HikariPool-1 - Shutdown completed.
2025-05-09T11:09:10.309+05:30  INFO 18464 --- [RequestManagement] [RMI TCP Connection(17)-127.0.0.1] com.netflix.discovery.DiscoveryClient    : Shutting down DiscoveryClient ...
2025-05-09T11:09:10.510+05:30  INFO 18464 --- [RequestManagement] [DiscoveryClient-InstanceInfoReplicator-%d] com.netflix.discovery.DiscoveryClient    : DiscoveryClient_REQUESTMANAGEMENT/LTIN600038.cts.com:RequestManagement:9095 - registration status: 204
2025-05-09T11:09:10.511+05:30  INFO 18464 --- [RequestManagement] [RMI TCP Connection(17)-127.0.0.1] com.netflix.discovery.DiscoveryClient    : Unregistering ...
2025-05-09T11:09:10.539+05:30  INFO 18464 --- [RequestManagement] [RMI TCP Connection(17)-127.0.0.1] com.netflix.discovery.DiscoveryClient    : DiscoveryClient_REQUESTMANAGEMENT/LTIN600038.cts.com:RequestManagement:9095 - deregister  status: 200
2025-05-09T11:09:10.539+05:30  INFO 18464 --- [RequestManagement] [RMI TCP Connection(17)-127.0.0.1] com.netflix.discovery.DiscoveryClient    : Completed shut down of DiscoveryClient
2025-05-09T11:09:27.473+05:30  INFO 14396 --- [RequestManagement] [restartedMain] com.cts.RequestManagementApplication     : Starting RequestManagementApplication using Java 21.0.6 with PID 14396 (C:\Users\2400736\OneDrive - Cognizant\Desktop\STS\RequestManagement\target\classes started by 2400736 in C:\Users\2400736\OneDrive - Cognizant\Desktop\STS\RequestManagement)
2025-05-09T11:09:27.478+05:30  INFO 14396 --- [RequestManagement] [restartedMain] com.cts.RequestManagementApplication     : No active profile set, falling back to 1 default profile: "default"
2025-05-09T11:09:27.532+05:30  INFO 14396 --- [RequestManagement] [restartedMain] o.s.c.c.c.ConfigServerConfigDataLoader   : Fetching config from server at : http://localhost:8088
2025-05-09T11:09:27.532+05:30  INFO 14396 --- [RequestManagement] [restartedMain] o.s.c.c.c.ConfigServerConfigDataLoader   : Located environment: name=RequestManagement, profiles=[default], label=null, version=440f1a47c25d3d97a8010bcb05cb619c643494c7, state=
2025-05-09T11:09:27.535+05:30  INFO 14396 --- [RequestManagement] [restartedMain] .e.DevToolsPropertyDefaultsPostProcessor : Devtools property defaults active! Set 'spring.devtools.add-properties' to 'false' to disable
2025-05-09T11:09:27.535+05:30  INFO 14396 --- [RequestManagement] [restartedMain] .e.DevToolsPropertyDefaultsPostProcessor : For additional web related logging consider setting the 'logging.level.web' property to 'DEBUG'
2025-05-09T11:09:28.336+05:30  INFO 14396 --- [RequestManagement] [restartedMain] .s.d.r.c.RepositoryConfigurationDelegate : Bootstrapping Spring Data JPA repositories in DEFAULT mode.
2025-05-09T11:09:28.493+05:30  INFO 14396 --- [RequestManagement] [restartedMain] .s.d.r.c.RepositoryConfigurationDelegate : Finished Spring Data repository scanning in 144 ms. Found 1 JPA repository interface.
2025-05-09T11:09:28.697+05:30  INFO 14396 --- [RequestManagement] [restartedMain] o.s.cloud.context.scope.GenericScope     : BeanFactory id=8c702f55-2dcf-3c5d-93ff-7c1c79cd095f
2025-05-09T11:09:29.216+05:30  INFO 14396 --- [RequestManagement] [restartedMain] o.s.b.w.embedded.tomcat.TomcatWebServer  : Tomcat initialized with port 9095 (http)
2025-05-09T11:09:29.234+05:30  INFO 14396 --- [RequestManagement] [restartedMain] o.apache.catalina.core.StandardService   : Starting service [Tomcat]
2025-05-09T11:09:29.235+05:30  INFO 14396 --- [RequestManagement] [restartedMain] o.apache.catalina.core.StandardEngine    : Starting Servlet engine: [Apache Tomcat/10.1.40]
2025-05-09T11:09:29.305+05:30  INFO 14396 --- [RequestManagement] [restartedMain] o.a.c.c.C.[Tomcat].[localhost].[/]       : Initializing Spring embedded WebApplicationContext
2025-05-09T11:09:29.306+05:30  INFO 14396 --- [RequestManagement] [restartedMain] w.s.c.ServletWebServerApplicationContext : Root WebApplicationContext: initialization completed in 1770 ms
2025-05-09T11:09:29.494+05:30  INFO 14396 --- [RequestManagement] [restartedMain] o.hibernate.jpa.internal.util.LogHelper  : HHH000204: Processing PersistenceUnitInfo [name: default]
2025-05-09T11:09:29.604+05:30  INFO 14396 --- [RequestManagement] [restartedMain] org.hibernate.Version                    : HHH000412: Hibernate ORM core version 6.6.13.Final
2025-05-09T11:09:29.662+05:30  INFO 14396 --- [RequestManagement] [restartedMain] o.h.c.internal.RegionFactoryInitiator    : HHH000026: Second-level cache disabled
2025-05-09T11:09:30.069+05:30  INFO 14396 --- [RequestManagement] [restartedMain] o.s.o.j.p.SpringPersistenceUnitInfo      : No LoadTimeWeaver setup: ignoring JPA class transformer
2025-05-09T11:09:30.113+05:30  INFO 14396 --- [RequestManagement] [restartedMain] com.zaxxer.hikari.HikariDataSource       : HikariPool-1 - Starting...
2025-05-09T11:09:30.510+05:30  INFO 14396 --- [RequestManagement] [restartedMain] com.zaxxer.hikari.pool.HikariPool        : HikariPool-1 - Added connection com.mysql.cj.jdbc.ConnectionImpl@46013aeb
2025-05-09T11:09:30.512+05:30  INFO 14396 --- [RequestManagement] [restartedMain] com.zaxxer.hikari.HikariDataSource       : HikariPool-1 - Start completed.
2025-05-09T11:09:30.583+05:30  WARN 14396 --- [RequestManagement] [restartedMain] org.hibernate.orm.deprecation            : HHH90000025: MySQLDialect does not need to be specified explicitly using 'hibernate.dialect' (remove the property setting and it will be selected by default)
2025-05-09T11:09:30.613+05:30  INFO 14396 --- [RequestManagement] [restartedMain] org.hibernate.orm.connections.pooling    : HHH10001005: Database info:
	Database JDBC URL [Connecting through datasource 'HikariDataSource (HikariPool-1)']
	Database driver: undefined/unknown
	Database version: 8.0.41
	Autocommit mode: undefined/unknown
	Isolation level: undefined/unknown
	Minimum pool size: undefined/unknown
	Maximum pool size: undefined/unknown
2025-05-09T11:09:31.964+05:30  INFO 14396 --- [RequestManagement] [restartedMain] o.h.e.t.j.p.i.JtaPlatformInitiator       : HHH000489: No JTA platform available (set 'hibernate.transaction.jta.platform' to enable JTA platform integration)
2025-05-09T11:09:32.051+05:30  INFO 14396 --- [RequestManagement] [restartedMain] j.LocalContainerEntityManagerFactoryBean : Initialized JPA EntityManagerFactory for persistence unit 'default'
2025-05-09T11:09:32.399+05:30  WARN 14396 --- [RequestManagement] [restartedMain] JpaBaseConfiguration$JpaWebConfiguration : spring.jpa.open-in-view is enabled by default. Therefore, database queries may be performed during view rendering. Explicitly configure spring.jpa.open-in-view to disable this warning
2025-05-09T11:09:33.049+05:30  WARN 14396 --- [RequestManagement] [restartedMain] o.s.b.d.a.OptionalLiveReloadServer       : Unable to start LiveReload server
2025-05-09T11:09:33.132+05:30  INFO 14396 --- [RequestManagement] [restartedMain] DiscoveryClientOptionalArgsConfiguration : Eureka HTTP Client uses RestTemplate.
2025-05-09T11:09:33.188+05:30  WARN 14396 --- [RequestManagement] [restartedMain] iguration$LoadBalancerCaffeineWarnLogger : Spring Cloud LoadBalancer is currently working with the default cache. While this cache implementation is useful for development and tests, it's recommended to use Caffeine cache in production.You can switch to using Caffeine cache, by adding it and org.springframework.cache.caffeine.CaffeineCacheManager to the classpath.
2025-05-09T11:09:33.264+05:30  INFO 14396 --- [RequestManagement] [restartedMain] o.s.c.n.eureka.InstanceInfoFactory       : Setting initial instance status as: STARTING
2025-05-09T11:09:33.299+05:30  INFO 14396 --- [RequestManagement] [restartedMain] com.netflix.discovery.DiscoveryClient    : Initializing Eureka in region us-east-1
2025-05-09T11:09:33.307+05:30  INFO 14396 --- [RequestManagement] [restartedMain] c.n.d.s.r.aws.ConfigClusterResolver      : Resolving eureka endpoints via configuration
2025-05-09T11:09:33.320+05:30  INFO 14396 --- [RequestManagement] [restartedMain] com.netflix.discovery.DiscoveryClient    : Disable delta property : false
2025-05-09T11:09:33.320+05:30  INFO 14396 --- [RequestManagement] [restartedMain] com.netflix.discovery.DiscoveryClient    : Single vip registry refresh property : null
2025-05-09T11:09:33.321+05:30  INFO 14396 --- [RequestManagement] [restartedMain] com.netflix.discovery.DiscoveryClient    : Force full registry fetch : false
2025-05-09T11:09:33.321+05:30  INFO 14396 --- [RequestManagement] [restartedMain] com.netflix.discovery.DiscoveryClient    : Application is null : false
2025-05-09T11:09:33.321+05:30  INFO 14396 --- [RequestManagement] [restartedMain] com.netflix.discovery.DiscoveryClient    : Registered Applications size is zero : true
2025-05-09T11:09:33.321+05:30  INFO 14396 --- [RequestManagement] [restartedMain] com.netflix.discovery.DiscoveryClient    : Application version is -1: true
2025-05-09T11:09:33.321+05:30  INFO 14396 --- [RequestManagement] [restartedMain] com.netflix.discovery.DiscoveryClient    : Getting all instance registry info from the eureka server
2025-05-09T11:09:33.733+05:30  INFO 14396 --- [RequestManagement] [restartedMain] com.netflix.discovery.DiscoveryClient    : The response status is 200
2025-05-09T11:09:33.735+05:30  INFO 14396 --- [RequestManagement] [restartedMain] com.netflix.discovery.DiscoveryClient    : Starting heartbeat executor: renew interval is: 30
2025-05-09T11:09:33.738+05:30  INFO 14396 --- [RequestManagement] [restartedMain] c.n.discovery.InstanceInfoReplicator     : InstanceInfoReplicator onDemand update allowed rate per min is 4
2025-05-09T11:09:33.740+05:30  INFO 14396 --- [RequestManagement] [restartedMain] com.netflix.discovery.DiscoveryClient    : Discovery Client initialized at timestamp 1746769173740 with initial instances count: 1
2025-05-09T11:09:33.747+05:30  INFO 14396 --- [RequestManagement] [restartedMain] o.s.c.n.e.s.EurekaServiceRegistry        : Registering application REQUESTMANAGEMENT with eureka with status UP
2025-05-09T11:09:33.748+05:30  INFO 14396 --- [RequestManagement] [restartedMain] com.netflix.discovery.DiscoveryClient    : Saw local status change event StatusChangeEvent [timestamp=1746769173748, current=UP, previous=STARTING]
2025-05-09T11:09:33.752+05:30  INFO 14396 --- [RequestManagement] [DiscoveryClient-InstanceInfoReplicator-%d] com.netflix.discovery.DiscoveryClient    : DiscoveryClient_REQUESTMANAGEMENT/LTIN600038.cts.com:RequestManagement:9095: registering service...
2025-05-09T11:09:33.780+05:30  INFO 14396 --- [RequestManagement] [restartedMain] o.s.b.w.embedded.tomcat.TomcatWebServer  : Tomcat started on port 9095 (http) with context path '/'
2025-05-09T11:09:33.781+05:30  INFO 14396 --- [RequestManagement] [restartedMain] .s.c.n.e.s.EurekaAutoServiceRegistration : Updating port to 9095
2025-05-09T11:09:33.795+05:30  INFO 14396 --- [RequestManagement] [restartedMain] com.cts.RequestManagementApplication     : Started RequestManagementApplication in 14.434 seconds (process running for 15.642)
2025-05-09T11:09:33.808+05:30  INFO 14396 --- [RequestManagement] [DiscoveryClient-InstanceInfoReplicator-%d] com.netflix.discovery.DiscoveryClient    : DiscoveryClient_REQUESTMANAGEMENT/LTIN600038.cts.com:RequestManagement:9095 - registration status: 204
2025-05-09T11:10:22.045+05:30  INFO 14396 --- [RequestManagement] [http-nio-9095-exec-6] o.a.c.c.C.[Tomcat].[localhost].[/]       : Initializing Spring DispatcherServlet 'dispatcherServlet'
2025-05-09T11:10:22.046+05:30  INFO 14396 --- [RequestManagement] [http-nio-9095-exec-6] o.s.web.servlet.DispatcherServlet        : Initializing Servlet 'dispatcherServlet'
2025-05-09T11:10:22.048+05:30  INFO 14396 --- [RequestManagement] [http-nio-9095-exec-6] o.s.web.servlet.DispatcherServlet        : Completed initialization in 2 ms
2025-05-09T11:13:27.857+05:30  INFO 14396 --- [RequestManagement] [File Watcher] rtingClassPathChangeChangedEventListener : Restarting due to 3 class path changes (0 additions, 0 deletions, 3 modifications)
2025-05-09T11:13:27.860+05:30  INFO 14396 --- [RequestManagement] [Thread-1] o.s.c.n.e.s.EurekaServiceRegistry        : Unregistering application REQUESTMANAGEMENT with eureka with status DOWN
2025-05-09T11:13:27.860+05:30  INFO 14396 --- [RequestManagement] [Thread-1] com.netflix.discovery.DiscoveryClient    : Saw local status change event StatusChangeEvent [timestamp=1746769407860, current=DOWN, previous=UP]
2025-05-09T11:13:27.860+05:30  INFO 14396 --- [RequestManagement] [DiscoveryClient-InstanceInfoReplicator-%d] com.netflix.discovery.DiscoveryClient    : DiscoveryClient_REQUESTMANAGEMENT/LTIN600038.cts.com:RequestManagement:9095: registering service...
2025-05-09T11:13:27.862+05:30  INFO 14396 --- [RequestManagement] [Thread-1] o.s.b.w.e.tomcat.GracefulShutdown        : Commencing graceful shutdown. Waiting for active requests to complete
2025-05-09T11:13:27.865+05:30  INFO 14396 --- [RequestManagement] [tomcat-shutdown] o.s.b.w.e.tomcat.GracefulShutdown        : Graceful shutdown complete
2025-05-09T11:13:27.870+05:30  INFO 14396 --- [RequestManagement] [Thread-1] j.LocalContainerEntityManagerFactoryBean : Closing JPA EntityManagerFactory for persistence unit 'default'
2025-05-09T11:13:27.873+05:30  INFO 14396 --- [RequestManagement] [Thread-1] com.zaxxer.hikari.HikariDataSource       : HikariPool-1 - Shutdown initiated...
2025-05-09T11:13:27.877+05:30  INFO 14396 --- [RequestManagement] [DiscoveryClient-InstanceInfoReplicator-%d] com.netflix.discovery.DiscoveryClient    : DiscoveryClient_REQUESTMANAGEMENT/LTIN600038.cts.com:RequestManagement:9095 - registration status: 204
2025-05-09T11:13:27.881+05:30  INFO 14396 --- [RequestManagement] [Thread-1] com.zaxxer.hikari.HikariDataSource       : HikariPool-1 - Shutdown completed.
2025-05-09T11:13:27.882+05:30  INFO 14396 --- [RequestManagement] [Thread-1] com.netflix.discovery.DiscoveryClient    : Shutting down DiscoveryClient ...
2025-05-09T11:13:30.897+05:30  INFO 14396 --- [RequestManagement] [Thread-1] com.netflix.discovery.DiscoveryClient    : Unregistering ...
2025-05-09T11:13:30.917+05:30  INFO 14396 --- [RequestManagement] [Thread-1] com.netflix.discovery.DiscoveryClient    : DiscoveryClient_REQUESTMANAGEMENT/LTIN600038.cts.com:RequestManagement:9095 - deregister  status: 200
2025-05-09T11:13:30.917+05:30  INFO 14396 --- [RequestManagement] [Thread-1] com.netflix.discovery.DiscoveryClient    : Completed shut down of DiscoveryClient
2025-05-09T11:13:32.057+05:30  INFO 14396 --- [RequestManagement] [restartedMain] com.cts.RequestManagementApplication     : Starting RequestManagementApplication using Java 21.0.6 with PID 14396 (C:\Users\2400736\OneDrive - Cognizant\Desktop\STS\RequestManagement\target\classes started by 2400736 in C:\Users\2400736\OneDrive - Cognizant\Desktop\STS\RequestManagement)
2025-05-09T11:13:32.058+05:30  INFO 14396 --- [RequestManagement] [restartedMain] com.cts.RequestManagementApplication     : No active profile set, falling back to 1 default profile: "default"
2025-05-09T11:13:32.060+05:30  INFO 14396 --- [RequestManagement] [restartedMain] o.s.c.c.c.ConfigServerConfigDataLoader   : Fetching config from server at : http://localhost:8088
2025-05-09T11:13:32.060+05:30  INFO 14396 --- [RequestManagement] [restartedMain] o.s.c.c.c.ConfigServerConfigDataLoader   : Located environment: name=RequestManagement, profiles=[default], label=null, version=440f1a47c25d3d97a8010bcb05cb619c643494c7, state=
2025-05-09T11:13:32.278+05:30  INFO 14396 --- [RequestManagement] [restartedMain] .s.d.r.c.RepositoryConfigurationDelegate : Bootstrapping Spring Data JPA repositories in DEFAULT mode.
2025-05-09T11:13:32.307+05:30  INFO 14396 --- [RequestManagement] [restartedMain] .s.d.r.c.RepositoryConfigurationDelegate : Finished Spring Data repository scanning in 24 ms. Found 1 JPA repository interface.
2025-05-09T11:13:32.458+05:30  INFO 14396 --- [RequestManagement] [restartedMain] o.s.cloud.context.scope.GenericScope     : BeanFactory id=8c702f55-2dcf-3c5d-93ff-7c1c79cd095f
2025-05-09T11:13:32.558+05:30  INFO 14396 --- [RequestManagement] [restartedMain] o.s.b.w.embedded.tomcat.TomcatWebServer  : Tomcat initialized with port 9095 (http)
2025-05-09T11:13:32.560+05:30  INFO 14396 --- [RequestManagement] [restartedMain] o.apache.catalina.core.StandardService   : Starting service [Tomcat]
2025-05-09T11:13:32.561+05:30  INFO 14396 --- [RequestManagement] [restartedMain] o.apache.catalina.core.StandardEngine    : Starting Servlet engine: [Apache Tomcat/10.1.40]
2025-05-09T11:13:32.616+05:30  INFO 14396 --- [RequestManagement] [restartedMain] o.a.c.c.C.[Tomcat].[localhost].[/]       : Initializing Spring embedded WebApplicationContext
2025-05-09T11:13:32.617+05:30  INFO 14396 --- [RequestManagement] [restartedMain] w.s.c.ServletWebServerApplicationContext : Root WebApplicationContext: initialization completed in 556 ms
2025-05-09T11:13:32.675+05:30  INFO 14396 --- [RequestManagement] [restartedMain] o.hibernate.jpa.internal.util.LogHelper  : HHH000204: Processing PersistenceUnitInfo [name: default]
2025-05-09T11:13:32.681+05:30  INFO 14396 --- [RequestManagement] [restartedMain] o.h.c.internal.RegionFactoryInitiator    : HHH000026: Second-level cache disabled
2025-05-09T11:13:32.693+05:30  INFO 14396 --- [RequestManagement] [restartedMain] o.s.o.j.p.SpringPersistenceUnitInfo      : No LoadTimeWeaver setup: ignoring JPA class transformer
2025-05-09T11:13:32.695+05:30  INFO 14396 --- [RequestManagement] [restartedMain] com.zaxxer.hikari.HikariDataSource       : HikariPool-2 - Starting...
2025-05-09T11:13:32.712+05:30  INFO 14396 --- [RequestManagement] [restartedMain] com.zaxxer.hikari.pool.HikariPool        : HikariPool-2 - Added connection com.mysql.cj.jdbc.ConnectionImpl@1e338ec7
2025-05-09T11:13:32.713+05:30  INFO 14396 --- [RequestManagement] [restartedMain] com.zaxxer.hikari.HikariDataSource       : HikariPool-2 - Start completed.
2025-05-09T11:13:32.714+05:30  WARN 14396 --- [RequestManagement] [restartedMain] org.hibernate.orm.deprecation            : HHH90000025: MySQLDialect does not need to be specified explicitly using 'hibernate.dialect' (remove the property setting and it will be selected by default)
2025-05-09T11:13:32.714+05:30  INFO 14396 --- [RequestManagement] [restartedMain] org.hibernate.orm.connections.pooling    : HHH10001005: Database info:
	Database JDBC URL [Connecting through datasource 'HikariDataSource (HikariPool-2)']
	Database driver: undefined/unknown
	Database version: 8.0.41
	Autocommit mode: undefined/unknown
	Isolation level: undefined/unknown
	Minimum pool size: undefined/unknown
	Maximum pool size: undefined/unknown
2025-05-09T11:13:32.755+05:30  INFO 14396 --- [RequestManagement] [restartedMain] o.h.e.t.j.p.i.JtaPlatformInitiator       : HHH000489: No JTA platform available (set 'hibernate.transaction.jta.platform' to enable JTA platform integration)
2025-05-09T11:13:32.793+05:30  INFO 14396 --- [RequestManagement] [restartedMain] j.LocalContainerEntityManagerFactoryBean : Initialized JPA EntityManagerFactory for persistence unit 'default'
2025-05-09T11:13:32.851+05:30  WARN 14396 --- [RequestManagement] [restartedMain] JpaBaseConfiguration$JpaWebConfiguration : spring.jpa.open-in-view is enabled by default. Therefore, database queries may be performed during view rendering. Explicitly configure spring.jpa.open-in-view to disable this warning
2025-05-09T11:13:32.998+05:30  WARN 14396 --- [RequestManagement] [restartedMain] o.s.b.d.a.OptionalLiveReloadServer       : Unable to start LiveReload server
2025-05-09T11:13:33.043+05:30  INFO 14396 --- [RequestManagement] [restartedMain] DiscoveryClientOptionalArgsConfiguration : Eureka HTTP Client uses RestTemplate.
2025-05-09T11:13:33.063+05:30  WARN 14396 --- [RequestManagement] [restartedMain] iguration$LoadBalancerCaffeineWarnLogger : Spring Cloud LoadBalancer is currently working with the default cache. While this cache implementation is useful for development and tests, it's recommended to use Caffeine cache in production.You can switch to using Caffeine cache, by adding it and org.springframework.cache.caffeine.CaffeineCacheManager to the classpath.
2025-05-09T11:13:33.095+05:30  INFO 14396 --- [RequestManagement] [restartedMain] o.s.c.n.eureka.InstanceInfoFactory       : Setting initial instance status as: STARTING
2025-05-09T11:13:33.098+05:30  INFO 14396 --- [RequestManagement] [restartedMain] com.netflix.discovery.DiscoveryClient    : Initializing Eureka in region us-east-1
2025-05-09T11:13:33.098+05:30  INFO 14396 --- [RequestManagement] [restartedMain] c.n.d.s.r.aws.ConfigClusterResolver      : Resolving eureka endpoints via configuration
2025-05-09T11:13:33.099+05:30  INFO 14396 --- [RequestManagement] [restartedMain] com.netflix.discovery.DiscoveryClient    : Disable delta property : false
2025-05-09T11:13:33.099+05:30  INFO 14396 --- [RequestManagement] [restartedMain] com.netflix.discovery.DiscoveryClient    : Single vip registry refresh property : null
2025-05-09T11:13:33.099+05:30  INFO 14396 --- [RequestManagement] [restartedMain] com.netflix.discovery.DiscoveryClient    : Force full registry fetch : false
2025-05-09T11:13:33.099+05:30  INFO 14396 --- [RequestManagement] [restartedMain] com.netflix.discovery.DiscoveryClient    : Application is null : false
2025-05-09T11:13:33.099+05:30  INFO 14396 --- [RequestManagement] [restartedMain] com.netflix.discovery.DiscoveryClient    : Registered Applications size is zero : true
2025-05-09T11:13:33.099+05:30  INFO 14396 --- [RequestManagement] [restartedMain] com.netflix.discovery.DiscoveryClient    : Application version is -1: true
2025-05-09T11:13:33.099+05:30  INFO 14396 --- [RequestManagement] [restartedMain] com.netflix.discovery.DiscoveryClient    : Getting all instance registry info from the eureka server
2025-05-09T11:13:33.137+05:30  INFO 14396 --- [RequestManagement] [restartedMain] com.netflix.discovery.DiscoveryClient    : The response status is 200
2025-05-09T11:13:33.139+05:30  INFO 14396 --- [RequestManagement] [restartedMain] com.netflix.discovery.DiscoveryClient    : Starting heartbeat executor: renew interval is: 30
2025-05-09T11:13:33.139+05:30  INFO 14396 --- [RequestManagement] [restartedMain] c.n.discovery.InstanceInfoReplicator     : InstanceInfoReplicator onDemand update allowed rate per min is 4
2025-05-09T11:13:33.140+05:30  INFO 14396 --- [RequestManagement] [restartedMain] com.netflix.discovery.DiscoveryClient    : Discovery Client initialized at timestamp 1746769413140 with initial instances count: 7
2025-05-09T11:13:33.142+05:30  INFO 14396 --- [RequestManagement] [restartedMain] o.s.c.n.e.s.EurekaServiceRegistry        : Registering application REQUESTMANAGEMENT with eureka with status UP
2025-05-09T11:13:33.143+05:30  INFO 14396 --- [RequestManagement] [restartedMain] com.netflix.discovery.DiscoveryClient    : Saw local status change event StatusChangeEvent [timestamp=1746769413143, current=UP, previous=STARTING]
2025-05-09T11:13:33.143+05:30  INFO 14396 --- [RequestManagement] [DiscoveryClient-InstanceInfoReplicator-%d] com.netflix.discovery.DiscoveryClient    : DiscoveryClient_REQUESTMANAGEMENT/LTIN600038.cts.com:RequestManagement:9095: registering service...
2025-05-09T11:13:33.150+05:30  INFO 14396 --- [RequestManagement] [restartedMain] o.s.b.w.embedded.tomcat.TomcatWebServer  : Tomcat started on port 9095 (http) with context path '/'
2025-05-09T11:13:33.152+05:30  INFO 14396 --- [RequestManagement] [restartedMain] .s.c.n.e.s.EurekaAutoServiceRegistration : Updating port to 9095
2025-05-09T11:13:33.159+05:30  INFO 14396 --- [RequestManagement] [DiscoveryClient-InstanceInfoReplicator-%d] com.netflix.discovery.DiscoveryClient    : DiscoveryClient_REQUESTMANAGEMENT/LTIN600038.cts.com:RequestManagement:9095 - registration status: 204
2025-05-09T11:13:33.160+05:30  INFO 14396 --- [RequestManagement] [restartedMain] com.cts.RequestManagementApplication     : Started RequestManagementApplication in 2.176 seconds (process running for 255.006)
2025-05-09T11:13:33.162+05:30  INFO 14396 --- [RequestManagement] [restartedMain] .ConditionEvaluationDeltaLoggingListener : Condition evaluation unchanged
2025-05-09T11:13:34.434+05:30  INFO 14396 --- [RequestManagement] [File Watcher] rtingClassPathChangeChangedEventListener : Restarting due to 12 class path changes (0 additions, 0 deletions, 12 modifications)
2025-05-09T11:13:34.445+05:30  INFO 14396 --- [RequestManagement] [Thread-7] o.s.c.n.e.s.EurekaServiceRegistry        : Unregistering application REQUESTMANAGEMENT with eureka with status DOWN
2025-05-09T11:13:34.446+05:30  INFO 14396 --- [RequestManagement] [Thread-7] com.netflix.discovery.DiscoveryClient    : Saw local status change event StatusChangeEvent [timestamp=1746769414446, current=DOWN, previous=UP]
2025-05-09T11:13:34.446+05:30  INFO 14396 --- [RequestManagement] [Thread-7] o.s.b.w.e.tomcat.GracefulShutdown        : Commencing graceful shutdown. Waiting for active requests to complete
2025-05-09T11:13:34.446+05:30  INFO 14396 --- [RequestManagement] [DiscoveryClient-InstanceInfoReplicator-%d] com.netflix.discovery.DiscoveryClient    : DiscoveryClient_REQUESTMANAGEMENT/LTIN600038.cts.com:RequestManagement:9095: registering service...
2025-05-09T11:13:34.451+05:30  INFO 14396 --- [RequestManagement] [DiscoveryClient-InstanceInfoReplicator-%d] com.netflix.discovery.DiscoveryClient    : DiscoveryClient_REQUESTMANAGEMENT/LTIN600038.cts.com:RequestManagement:9095 - registration status: 204
2025-05-09T11:13:34.453+05:30  INFO 14396 --- [RequestManagement] [tomcat-shutdown] o.s.b.w.e.tomcat.GracefulShutdown        : Graceful shutdown complete
2025-05-09T11:13:34.456+05:30  INFO 14396 --- [RequestManagement] [Thread-7] j.LocalContainerEntityManagerFactoryBean : Closing JPA EntityManagerFactory for persistence unit 'default'
2025-05-09T11:13:34.456+05:30  INFO 14396 --- [RequestManagement] [Thread-7] com.zaxxer.hikari.HikariDataSource       : HikariPool-2 - Shutdown initiated...
2025-05-09T11:13:34.462+05:30  INFO 14396 --- [RequestManagement] [Thread-7] com.zaxxer.hikari.HikariDataSource       : HikariPool-2 - Shutdown completed.
2025-05-09T11:13:34.462+05:30  INFO 14396 --- [RequestManagement] [Thread-7] com.netflix.discovery.DiscoveryClient    : Shutting down DiscoveryClient ...
2025-05-09T11:13:37.464+05:30  INFO 14396 --- [RequestManagement] [Thread-7] com.netflix.discovery.DiscoveryClient    : Unregistering ...
2025-05-09T11:13:37.482+05:30  INFO 14396 --- [RequestManagement] [Thread-7] com.netflix.discovery.DiscoveryClient    : DiscoveryClient_REQUESTMANAGEMENT/LTIN600038.cts.com:RequestManagement:9095 - deregister  status: 200
2025-05-09T11:13:37.482+05:30  INFO 14396 --- [RequestManagement] [Thread-7] com.netflix.discovery.DiscoveryClient    : Completed shut down of DiscoveryClient
2025-05-09T11:13:38.344+05:30  INFO 14396 --- [RequestManagement] [restartedMain] com.cts.RequestManagementApplication     : Starting RequestManagementApplication using Java 21.0.6 with PID 14396 (C:\Users\2400736\OneDrive - Cognizant\Desktop\STS\RequestManagement\target\classes started by 2400736 in C:\Users\2400736\OneDrive - Cognizant\Desktop\STS\RequestManagement)
2025-05-09T11:13:38.344+05:30  INFO 14396 --- [RequestManagement] [restartedMain] com.cts.RequestManagementApplication     : No active profile set, falling back to 1 default profile: "default"
2025-05-09T11:13:38.346+05:30  INFO 14396 --- [RequestManagement] [restartedMain] o.s.c.c.c.ConfigServerConfigDataLoader   : Fetching config from server at : http://localhost:8088
2025-05-09T11:13:38.347+05:30  INFO 14396 --- [RequestManagement] [restartedMain] o.s.c.c.c.ConfigServerConfigDataLoader   : Located environment: name=RequestManagement, profiles=[default], label=null, version=440f1a47c25d3d97a8010bcb05cb619c643494c7, state=
2025-05-09T11:13:38.506+05:30  INFO 14396 --- [RequestManagement] [restartedMain] .s.d.r.c.RepositoryConfigurationDelegate : Bootstrapping Spring Data JPA repositories in DEFAULT mode.
2025-05-09T11:13:38.519+05:30  INFO 14396 --- [RequestManagement] [restartedMain] .s.d.r.c.RepositoryConfigurationDelegate : Finished Spring Data repository scanning in 10 ms. Found 1 JPA repository interface.
2025-05-09T11:13:38.570+05:30  INFO 14396 --- [RequestManagement] [restartedMain] o.s.cloud.context.scope.GenericScope     : BeanFactory id=8c702f55-2dcf-3c5d-93ff-7c1c79cd095f
2025-05-09T11:13:38.622+05:30  INFO 14396 --- [RequestManagement] [restartedMain] o.s.b.w.embedded.tomcat.TomcatWebServer  : Tomcat initialized with port 9095 (http)
2025-05-09T11:13:38.623+05:30  INFO 14396 --- [RequestManagement] [restartedMain] o.apache.catalina.core.StandardService   : Starting service [Tomcat]
2025-05-09T11:13:38.623+05:30  INFO 14396 --- [RequestManagement] [restartedMain] o.apache.catalina.core.StandardEngine    : Starting Servlet engine: [Apache Tomcat/10.1.40]
2025-05-09T11:13:38.652+05:30  INFO 14396 --- [RequestManagement] [restartedMain] o.a.c.c.C.[Tomcat].[localhost].[/]       : Initializing Spring embedded WebApplicationContext
2025-05-09T11:13:38.652+05:30  INFO 14396 --- [RequestManagement] [restartedMain] w.s.c.ServletWebServerApplicationContext : Root WebApplicationContext: initialization completed in 305 ms
2025-05-09T11:13:38.721+05:30  INFO 14396 --- [RequestManagement] [restartedMain] o.hibernate.jpa.internal.util.LogHelper  : HHH000204: Processing PersistenceUnitInfo [name: default]
2025-05-09T11:13:38.723+05:30  INFO 14396 --- [RequestManagement] [restartedMain] o.h.c.internal.RegionFactoryInitiator    : HHH000026: Second-level cache disabled
2025-05-09T11:13:38.730+05:30  INFO 14396 --- [RequestManagement] [restartedMain] o.s.o.j.p.SpringPersistenceUnitInfo      : No LoadTimeWeaver setup: ignoring JPA class transformer
2025-05-09T11:13:38.732+05:30  INFO 14396 --- [RequestManagement] [restartedMain] com.zaxxer.hikari.HikariDataSource       : HikariPool-3 - Starting...
2025-05-09T11:13:38.746+05:30  INFO 14396 --- [RequestManagement] [restartedMain] com.zaxxer.hikari.pool.HikariPool        : HikariPool-3 - Added connection com.mysql.cj.jdbc.ConnectionImpl@6fbc8db6
2025-05-09T11:13:38.747+05:30  INFO 14396 --- [RequestManagement] [restartedMain] com.zaxxer.hikari.HikariDataSource       : HikariPool-3 - Start completed.
2025-05-09T11:13:38.748+05:30  WARN 14396 --- [RequestManagement] [restartedMain] org.hibernate.orm.deprecation            : HHH90000025: MySQLDialect does not need to be specified explicitly using 'hibernate.dialect' (remove the property setting and it will be selected by default)
2025-05-09T11:13:38.748+05:30  INFO 14396 --- [RequestManagement] [restartedMain] org.hibernate.orm.connections.pooling    : HHH10001005: Database info:
	Database JDBC URL [Connecting through datasource 'HikariDataSource (HikariPool-3)']
	Database driver: undefined/unknown
	Database version: 8.0.41
	Autocommit mode: undefined/unknown
	Isolation level: undefined/unknown
	Minimum pool size: undefined/unknown
	Maximum pool size: undefined/unknown
2025-05-09T11:13:38.783+05:30  INFO 14396 --- [RequestManagement] [restartedMain] o.h.e.t.j.p.i.JtaPlatformInitiator       : HHH000489: No JTA platform available (set 'hibernate.transaction.jta.platform' to enable JTA platform integration)
2025-05-09T11:13:38.825+05:30  INFO 14396 --- [RequestManagement] [restartedMain] j.LocalContainerEntityManagerFactoryBean : Initialized JPA EntityManagerFactory for persistence unit 'default'
2025-05-09T11:13:38.895+05:30  WARN 14396 --- [RequestManagement] [restartedMain] JpaBaseConfiguration$JpaWebConfiguration : spring.jpa.open-in-view is enabled by default. Therefore, database queries may be performed during view rendering. Explicitly configure spring.jpa.open-in-view to disable this warning
2025-05-09T11:13:38.989+05:30  WARN 14396 --- [RequestManagement] [restartedMain] o.s.b.d.a.OptionalLiveReloadServer       : Unable to start LiveReload server
2025-05-09T11:13:39.032+05:30  INFO 14396 --- [RequestManagement] [restartedMain] DiscoveryClientOptionalArgsConfiguration : Eureka HTTP Client uses RestTemplate.
2025-05-09T11:13:39.042+05:30  WARN 14396 --- [RequestManagement] [restartedMain] iguration$LoadBalancerCaffeineWarnLogger : Spring Cloud LoadBalancer is currently working with the default cache. While this cache implementation is useful for development and tests, it's recommended to use Caffeine cache in production.You can switch to using Caffeine cache, by adding it and org.springframework.cache.caffeine.CaffeineCacheManager to the classpath.
2025-05-09T11:13:39.058+05:30  INFO 14396 --- [RequestManagement] [restartedMain] o.s.c.n.eureka.InstanceInfoFactory       : Setting initial instance status as: STARTING
2025-05-09T11:13:39.060+05:30  INFO 14396 --- [RequestManagement] [restartedMain] com.netflix.discovery.DiscoveryClient    : Initializing Eureka in region us-east-1
2025-05-09T11:13:39.061+05:30  INFO 14396 --- [RequestManagement] [restartedMain] c.n.d.s.r.aws.ConfigClusterResolver      : Resolving eureka endpoints via configuration
2025-05-09T11:13:39.062+05:30  INFO 14396 --- [RequestManagement] [restartedMain] com.netflix.discovery.DiscoveryClient    : Disable delta property : false
2025-05-09T11:13:39.062+05:30  INFO 14396 --- [RequestManagement] [restartedMain] com.netflix.discovery.DiscoveryClient    : Single vip registry refresh property : null
2025-05-09T11:13:39.062+05:30  INFO 14396 --- [RequestManagement] [restartedMain] com.netflix.discovery.DiscoveryClient    : Force full registry fetch : false
2025-05-09T11:13:39.063+05:30  INFO 14396 --- [RequestManagement] [restartedMain] com.netflix.discovery.DiscoveryClient    : Application is null : false
2025-05-09T11:13:39.063+05:30  INFO 14396 --- [RequestManagement] [restartedMain] com.netflix.discovery.DiscoveryClient    : Registered Applications size is zero : true
2025-05-09T11:13:39.063+05:30  INFO 14396 --- [RequestManagement] [restartedMain] com.netflix.discovery.DiscoveryClient    : Application version is -1: true
2025-05-09T11:13:39.063+05:30  INFO 14396 --- [RequestManagement] [restartedMain] com.netflix.discovery.DiscoveryClient    : Getting all instance registry info from the eureka server
2025-05-09T11:13:39.102+05:30  INFO 14396 --- [RequestManagement] [restartedMain] com.netflix.discovery.DiscoveryClient    : The response status is 200
2025-05-09T11:13:39.103+05:30  INFO 14396 --- [RequestManagement] [restartedMain] com.netflix.discovery.DiscoveryClient    : Starting heartbeat executor: renew interval is: 30
2025-05-09T11:13:39.103+05:30  INFO 14396 --- [RequestManagement] [restartedMain] c.n.discovery.InstanceInfoReplicator     : InstanceInfoReplicator onDemand update allowed rate per min is 4
2025-05-09T11:13:39.104+05:30  INFO 14396 --- [RequestManagement] [restartedMain] com.netflix.discovery.DiscoveryClient    : Discovery Client initialized at timestamp 1746769419104 with initial instances count: 7
2025-05-09T11:13:39.105+05:30  INFO 14396 --- [RequestManagement] [restartedMain] o.s.c.n.e.s.EurekaServiceRegistry        : Registering application REQUESTMANAGEMENT with eureka with status UP
2025-05-09T11:13:39.105+05:30  INFO 14396 --- [RequestManagement] [restartedMain] com.netflix.discovery.DiscoveryClient    : Saw local status change event StatusChangeEvent [timestamp=1746769419105, current=UP, previous=STARTING]
2025-05-09T11:13:39.108+05:30  INFO 14396 --- [RequestManagement] [DiscoveryClient-InstanceInfoReplicator-%d] com.netflix.discovery.DiscoveryClient    : DiscoveryClient_REQUESTMANAGEMENT/LTIN600038.cts.com:RequestManagement:9095: registering service...
2025-05-09T11:13:39.110+05:30  INFO 14396 --- [RequestManagement] [restartedMain] o.s.b.w.embedded.tomcat.TomcatWebServer  : Tomcat started on port 9095 (http) with context path '/'
2025-05-09T11:13:39.111+05:30  INFO 14396 --- [RequestManagement] [restartedMain] .s.c.n.e.s.EurekaAutoServiceRegistration : Updating port to 9095
2025-05-09T11:13:39.127+05:30  INFO 14396 --- [RequestManagement] [restartedMain] com.cts.RequestManagementApplication     : Started RequestManagementApplication in 1.583 seconds (process running for 260.974)
2025-05-09T11:13:39.130+05:30  INFO 14396 --- [RequestManagement] [DiscoveryClient-InstanceInfoReplicator-%d] com.netflix.discovery.DiscoveryClient    : DiscoveryClient_REQUESTMANAGEMENT/LTIN600038.cts.com:RequestManagement:9095 - registration status: 204
2025-05-09T11:13:39.131+05:30  INFO 14396 --- [RequestManagement] [restartedMain] .ConditionEvaluationDeltaLoggingListener : Condition evaluation unchanged
2025-05-09T11:13:45.160+05:30  INFO 14396 --- [RequestManagement] [RMI TCP Connection(12)-127.0.0.1] inMXBeanRegistrar$SpringApplicationAdmin : Application shutdown requested.
2025-05-09T11:13:45.160+05:30  INFO 14396 --- [RequestManagement] [RMI TCP Connection(12)-127.0.0.1] o.s.c.n.e.s.EurekaServiceRegistry        : Unregistering application REQUESTMANAGEMENT with eureka with status DOWN
2025-05-09T11:13:45.161+05:30  INFO 14396 --- [RequestManagement] [RMI TCP Connection(12)-127.0.0.1] com.netflix.discovery.DiscoveryClient    : Saw local status change event StatusChangeEvent [timestamp=1746769425161, current=DOWN, previous=UP]
2025-05-09T11:13:45.162+05:30  INFO 14396 --- [RequestManagement] [RMI TCP Connection(12)-127.0.0.1] o.s.b.w.e.tomcat.GracefulShutdown        : Commencing graceful shutdown. Waiting for active requests to complete
2025-05-09T11:13:45.162+05:30  INFO 14396 --- [RequestManagement] [DiscoveryClient-InstanceInfoReplicator-%d] com.netflix.discovery.DiscoveryClient    : DiscoveryClient_REQUESTMANAGEMENT/LTIN600038.cts.com:RequestManagement:9095: registering service...
2025-05-09T11:13:45.171+05:30  INFO 14396 --- [RequestManagement] [DiscoveryClient-InstanceInfoReplicator-%d] com.netflix.discovery.DiscoveryClient    : DiscoveryClient_REQUESTMANAGEMENT/LTIN600038.cts.com:RequestManagement:9095 - registration status: 204
2025-05-09T11:13:45.179+05:30  INFO 14396 --- [RequestManagement] [tomcat-shutdown] o.s.b.w.e.tomcat.GracefulShutdown        : Graceful shutdown complete
2025-05-09T11:13:45.180+05:30  INFO 14396 --- [RequestManagement] [RMI TCP Connection(12)-127.0.0.1] j.LocalContainerEntityManagerFactoryBean : Closing JPA EntityManagerFactory for persistence unit 'default'
2025-05-09T11:13:45.180+05:30  INFO 14396 --- [RequestManagement] [RMI TCP Connection(12)-127.0.0.1] com.zaxxer.hikari.HikariDataSource       : HikariPool-3 - Shutdown initiated...
2025-05-09T11:13:45.186+05:30  INFO 14396 --- [RequestManagement] [RMI TCP Connection(12)-127.0.0.1] com.zaxxer.hikari.HikariDataSource       : HikariPool-3 - Shutdown completed.
2025-05-09T11:13:45.186+05:30  INFO 14396 --- [RequestManagement] [RMI TCP Connection(12)-127.0.0.1] com.netflix.discovery.DiscoveryClient    : Shutting down DiscoveryClient ...
2025-05-09T11:13:48.187+05:30  INFO 14396 --- [RequestManagement] [RMI TCP Connection(12)-127.0.0.1] com.netflix.discovery.DiscoveryClient    : Unregistering ...
2025-05-09T11:13:48.205+05:30  INFO 14396 --- [RequestManagement] [RMI TCP Connection(12)-127.0.0.1] com.netflix.discovery.DiscoveryClient    : DiscoveryClient_REQUESTMANAGEMENT/LTIN600038.cts.com:RequestManagement:9095 - deregister  status: 200
2025-05-09T11:13:48.205+05:30  INFO 14396 --- [RequestManagement] [RMI TCP Connection(12)-127.0.0.1] com.netflix.discovery.DiscoveryClient    : Completed shut down of DiscoveryClient
2025-05-09T11:14:00.651+05:30  INFO 11200 --- [RequestManagement] [main] com.cts.RequestManagementApplication     : Starting RequestManagementApplication using Java 21.0.6 with PID 11200 (C:\Users\2400736\OneDrive - Cognizant\Desktop\STS\RequestManagement\target\classes started by 2400736 in C:\Users\2400736\OneDrive - Cognizant\Desktop\STS\RequestManagement)
2025-05-09T11:14:00.654+05:30  INFO 11200 --- [RequestManagement] [main] com.cts.RequestManagementApplication     : No active profile set, falling back to 1 default profile: "default"
2025-05-09T11:14:00.701+05:30  INFO 11200 --- [RequestManagement] [main] o.s.c.c.c.ConfigServerConfigDataLoader   : Fetching config from server at : http://localhost:8088
2025-05-09T11:14:00.702+05:30  INFO 11200 --- [RequestManagement] [main] o.s.c.c.c.ConfigServerConfigDataLoader   : Located environment: name=RequestManagement, profiles=[default], label=null, version=440f1a47c25d3d97a8010bcb05cb619c643494c7, state=
2025-05-09T11:14:02.400+05:30  INFO 11200 --- [RequestManagement] [main] .s.d.r.c.RepositoryConfigurationDelegate : Bootstrapping Spring Data JPA repositories in DEFAULT mode.
2025-05-09T11:14:02.729+05:30  INFO 11200 --- [RequestManagement] [main] .s.d.r.c.RepositoryConfigurationDelegate : Finished Spring Data repository scanning in 287 ms. Found 1 JPA repository interface.
2025-05-09T11:14:03.073+05:30  INFO 11200 --- [RequestManagement] [main] o.s.cloud.context.scope.GenericScope     : BeanFactory id=884c0862-eae2-3f63-8166-71635707c923
2025-05-09T11:14:03.774+05:30  INFO 11200 --- [RequestManagement] [main] o.s.b.w.embedded.tomcat.TomcatWebServer  : Tomcat initialized with port 9095 (http)
2025-05-09T11:14:03.824+05:30  INFO 11200 --- [RequestManagement] [main] o.apache.catalina.core.StandardService   : Starting service [Tomcat]
2025-05-09T11:14:03.826+05:30  INFO 11200 --- [RequestManagement] [main] o.apache.catalina.core.StandardEngine    : Starting Servlet engine: [Apache Tomcat/10.1.40]
2025-05-09T11:14:03.900+05:30  INFO 11200 --- [RequestManagement] [main] o.a.c.c.C.[Tomcat].[localhost].[/]       : Initializing Spring embedded WebApplicationContext
2025-05-09T11:14:03.902+05:30  INFO 11200 --- [RequestManagement] [main] w.s.c.ServletWebServerApplicationContext : Root WebApplicationContext: initialization completed in 3196 ms
2025-05-09T11:14:04.419+05:30  INFO 11200 --- [RequestManagement] [main] o.hibernate.jpa.internal.util.LogHelper  : HHH000204: Processing PersistenceUnitInfo [name: default]
2025-05-09T11:14:04.507+05:30  INFO 11200 --- [RequestManagement] [main] org.hibernate.Version                    : HHH000412: Hibernate ORM core version 6.6.13.Final
2025-05-09T11:14:04.551+05:30  INFO 11200 --- [RequestManagement] [main] o.h.c.internal.RegionFactoryInitiator    : HHH000026: Second-level cache disabled
2025-05-09T11:14:04.890+05:30  INFO 11200 --- [RequestManagement] [main] o.s.o.j.p.SpringPersistenceUnitInfo      : No LoadTimeWeaver setup: ignoring JPA class transformer
2025-05-09T11:14:04.920+05:30  INFO 11200 --- [RequestManagement] [main] com.zaxxer.hikari.HikariDataSource       : HikariPool-1 - Starting...
2025-05-09T11:14:05.284+05:30  INFO 11200 --- [RequestManagement] [main] com.zaxxer.hikari.pool.HikariPool        : HikariPool-1 - Added connection com.mysql.cj.jdbc.ConnectionImpl@17e66aed
2025-05-09T11:14:05.287+05:30  INFO 11200 --- [RequestManagement] [main] com.zaxxer.hikari.HikariDataSource       : HikariPool-1 - Start completed.
2025-05-09T11:14:05.397+05:30  WARN 11200 --- [RequestManagement] [main] org.hibernate.orm.deprecation            : HHH90000025: MySQLDialect does not need to be specified explicitly using 'hibernate.dialect' (remove the property setting and it will be selected by default)
2025-05-09T11:14:05.455+05:30  INFO 11200 --- [RequestManagement] [main] org.hibernate.orm.connections.pooling    : HHH10001005: Database info:
	Database JDBC URL [Connecting through datasource 'HikariDataSource (HikariPool-1)']
	Database driver: undefined/unknown
	Database version: 8.0.41
	Autocommit mode: undefined/unknown
	Isolation level: undefined/unknown
	Minimum pool size: undefined/unknown
	Maximum pool size: undefined/unknown
2025-05-09T11:14:06.685+05:30  INFO 11200 --- [RequestManagement] [main] o.h.e.t.j.p.i.JtaPlatformInitiator       : HHH000489: No JTA platform available (set 'hibernate.transaction.jta.platform' to enable JTA platform integration)
2025-05-09T11:14:06.748+05:30  INFO 11200 --- [RequestManagement] [main] j.LocalContainerEntityManagerFactoryBean : Initialized JPA EntityManagerFactory for persistence unit 'default'
2025-05-09T11:14:07.080+05:30  WARN 11200 --- [RequestManagement] [main] JpaBaseConfiguration$JpaWebConfiguration : spring.jpa.open-in-view is enabled by default. Therefore, database queries may be performed during view rendering. Explicitly configure spring.jpa.open-in-view to disable this warning
2025-05-09T11:14:08.901+05:30  INFO 11200 --- [RequestManagement] [main] DiscoveryClientOptionalArgsConfiguration : Eureka HTTP Client uses RestTemplate.
2025-05-09T11:14:09.083+05:30  WARN 11200 --- [RequestManagement] [main] iguration$LoadBalancerCaffeineWarnLogger : Spring Cloud LoadBalancer is currently working with the default cache. While this cache implementation is useful for development and tests, it's recommended to use Caffeine cache in production.You can switch to using Caffeine cache, by adding it and org.springframework.cache.caffeine.CaffeineCacheManager to the classpath.
2025-05-09T11:14:09.196+05:30  INFO 11200 --- [RequestManagement] [main] o.s.b.a.e.web.EndpointLinksResolver      : Exposing 18 endpoints beneath base path '/actuator'
2025-05-09T11:14:09.429+05:30  INFO 11200 --- [RequestManagement] [main] o.s.c.n.eureka.InstanceInfoFactory       : Setting initial instance status as: STARTING
2025-05-09T11:14:09.481+05:30  INFO 11200 --- [RequestManagement] [main] com.netflix.discovery.DiscoveryClient    : Initializing Eureka in region us-east-1
2025-05-09T11:14:09.488+05:30  INFO 11200 --- [RequestManagement] [main] c.n.d.s.r.aws.ConfigClusterResolver      : Resolving eureka endpoints via configuration
2025-05-09T11:14:09.509+05:30  INFO 11200 --- [RequestManagement] [main] com.netflix.discovery.DiscoveryClient    : Disable delta property : false
2025-05-09T11:14:09.509+05:30  INFO 11200 --- [RequestManagement] [main] com.netflix.discovery.DiscoveryClient    : Single vip registry refresh property : null
2025-05-09T11:14:09.510+05:30  INFO 11200 --- [RequestManagement] [main] com.netflix.discovery.DiscoveryClient    : Force full registry fetch : false
2025-05-09T11:14:09.510+05:30  INFO 11200 --- [RequestManagement] [main] com.netflix.discovery.DiscoveryClient    : Application is null : false
2025-05-09T11:14:09.510+05:30  INFO 11200 --- [RequestManagement] [main] com.netflix.discovery.DiscoveryClient    : Registered Applications size is zero : true
2025-05-09T11:14:09.511+05:30  INFO 11200 --- [RequestManagement] [main] com.netflix.discovery.DiscoveryClient    : Application version is -1: true
2025-05-09T11:14:09.511+05:30  INFO 11200 --- [RequestManagement] [main] com.netflix.discovery.DiscoveryClient    : Getting all instance registry info from the eureka server
2025-05-09T11:14:10.018+05:30  INFO 11200 --- [RequestManagement] [main] com.netflix.discovery.DiscoveryClient    : The response status is 200
2025-05-09T11:14:10.022+05:30  INFO 11200 --- [RequestManagement] [main] com.netflix.discovery.DiscoveryClient    : Starting heartbeat executor: renew interval is: 30
2025-05-09T11:14:10.028+05:30  INFO 11200 --- [RequestManagement] [main] c.n.discovery.InstanceInfoReplicator     : InstanceInfoReplicator onDemand update allowed rate per min is 4
2025-05-09T11:14:10.029+05:30  INFO 11200 --- [RequestManagement] [main] com.netflix.discovery.DiscoveryClient    : Discovery Client initialized at timestamp 1746769450029 with initial instances count: 6
2025-05-09T11:14:10.043+05:30  INFO 11200 --- [RequestManagement] [main] o.s.c.n.e.s.EurekaServiceRegistry        : Registering application REQUESTMANAGEMENT with eureka with status UP
2025-05-09T11:14:10.045+05:30  INFO 11200 --- [RequestManagement] [main] com.netflix.discovery.DiscoveryClient    : Saw local status change event StatusChangeEvent [timestamp=1746769450045, current=UP, previous=STARTING]
2025-05-09T11:14:10.050+05:30  INFO 11200 --- [RequestManagement] [DiscoveryClient-InstanceInfoReplicator-%d] com.netflix.discovery.DiscoveryClient    : DiscoveryClient_REQUESTMANAGEMENT/LTIN600038.cts.com:RequestManagement:9095: registering service...
2025-05-09T11:14:10.074+05:30  INFO 11200 --- [RequestManagement] [main] o.s.b.w.embedded.tomcat.TomcatWebServer  : Tomcat started on port 9095 (http) with context path '/'
2025-05-09T11:14:10.075+05:30  INFO 11200 --- [RequestManagement] [main] .s.c.n.e.s.EurekaAutoServiceRegistration : Updating port to 9095
2025-05-09T11:14:10.093+05:30  INFO 11200 --- [RequestManagement] [DiscoveryClient-InstanceInfoReplicator-%d] com.netflix.discovery.DiscoveryClient    : DiscoveryClient_REQUESTMANAGEMENT/LTIN600038.cts.com:RequestManagement:9095 - registration status: 204
2025-05-09T11:14:10.094+05:30  INFO 11200 --- [RequestManagement] [main] com.cts.RequestManagementApplication     : Started RequestManagementApplication in 11.059 seconds (process running for 13.03)
2025-05-09T11:14:10.836+05:30  INFO 11200 --- [RequestManagement] [RMI TCP Connection(8)-127.0.0.1] o.a.c.c.C.[Tomcat].[localhost].[/]       : Initializing Spring DispatcherServlet 'dispatcherServlet'
2025-05-09T11:14:10.837+05:30  INFO 11200 --- [RequestManagement] [RMI TCP Connection(8)-127.0.0.1] o.s.web.servlet.DispatcherServlet        : Initializing Servlet 'dispatcherServlet'
2025-05-09T11:14:10.839+05:30  INFO 11200 --- [RequestManagement] [RMI TCP Connection(8)-127.0.0.1] o.s.web.servlet.DispatcherServlet        : Completed initialization in 2 ms
2025-05-09T11:23:50.110+05:30  WARN 11200 --- [RequestManagement] [HikariPool-1 housekeeper] com.zaxxer.hikari.pool.HikariPool        : HikariPool-1 - Thread starvation or clock leap detected (housekeeper delta=8m44s659ms854s500ns).
2025-05-09T11:27:24.177+05:30  INFO 11200 --- [RequestManagement] [AsyncResolver-bootstrap-executor-%d] c.n.d.s.r.aws.ConfigClusterResolver      : Resolving eureka endpoints via configuration
2025-05-09T11:32:24.185+05:30  INFO 11200 --- [RequestManagement] [AsyncResolver-bootstrap-executor-%d] c.n.d.s.r.aws.ConfigClusterResolver      : Resolving eureka endpoints via configuration
